

Microchip Technology PIC LITE Macro Assembler V1.21 build 54009 
                                                                                               Wed Dec 11 08:30:46 2013

Microchip Technology Omniscient Code Generator (Lite mode) build 54009
     1                           	processor	12F1840
     2                           	opt	pw 120
     3                           	opt	lm
     4                           	psect	text0,local,class=CODE,merge=1,delta=2
     5                           	psect	cinit,global,class=CODE,merge=1,delta=2
     6                           	psect	cstackCOMMON,global,class=COMMON,space=1,delta=1
     7                           	psect	maintext,global,class=CODE,merge=1,split=1,delta=2
     8                           	psect	text1,local,class=CODE,merge=1,delta=2
     9                           	psect	text2,local,class=CODE,merge=1,delta=2
    10                           	psect	text3,local,class=CODE,merge=1,delta=2
    11                           	dabs	1,0x7E,2
    12  0000                     	;# 
    13  0001                     	;# 
    14  0002                     	;# 
    15  0003                     	;# 
    16  0004                     	;# 
    17  0005                     	;# 
    18  0006                     	;# 
    19  0007                     	;# 
    20  0008                     	;# 
    21  0009                     	;# 
    22  000A                     	;# 
    23  000B                     	;# 
    24  000C                     	;# 
    25  0011                     	;# 
    26  0012                     	;# 
    27  0015                     	;# 
    28  0016                     	;# 
    29  0016                     	;# 
    30  0017                     	;# 
    31  0018                     	;# 
    32  0019                     	;# 
    33  001A                     	;# 
    34  001B                     	;# 
    35  001C                     	;# 
    36  001E                     	;# 
    37  001F                     	;# 
    38  008C                     	;# 
    39  0091                     	;# 
    40  0092                     	;# 
    41  0095                     	;# 
    42  0096                     	;# 
    43  0097                     	;# 
    44  0098                     	;# 
    45  0099                     	;# 
    46  009A                     	;# 
    47  009B                     	;# 
    48  009B                     	;# 
    49  009C                     	;# 
    50  009D                     	;# 
    51  009E                     	;# 
    52  010C                     	;# 
    53  0111                     	;# 
    54  0112                     	;# 
    55  0115                     	;# 
    56  0116                     	;# 
    57  0117                     	;# 
    58  0118                     	;# 
    59  0119                     	;# 
    60  011A                     	;# 
    61  011B                     	;# 
    62  011D                     	;# 
    63  011D                     	;# 
    64  018C                     	;# 
    65  0191                     	;# 
    66  0191                     	;# 
    67  0192                     	;# 
    68  0193                     	;# 
    69  0193                     	;# 
    70  0193                     	;# 
    71  0194                     	;# 
    72  0195                     	;# 
    73  0196                     	;# 
    74  0197                     	;# 
    75  0199                     	;# 
    76  019A                     	;# 
    77  019B                     	;# 
    78  019B                     	;# 
    79  019B                     	;# 
    80  019B                     	;# 
    81  019C                     	;# 
    82  019C                     	;# 
    83  019D                     	;# 
    84  019E                     	;# 
    85  019F                     	;# 
    86  020C                     	;# 
    87  0211                     	;# 
    88  0211                     	;# 
    89  0212                     	;# 
    90  0212                     	;# 
    91  0213                     	;# 
    92  0213                     	;# 
    93  0214                     	;# 
    94  0214                     	;# 
    95  0215                     	;# 
    96  0215                     	;# 
    97  0215                     	;# 
    98  0216                     	;# 
    99  0216                     	;# 
   100  0217                     	;# 
   101  0217                     	;# 
   102  0291                     	;# 
   103  0291                     	;# 
   104  0292                     	;# 
   105  0293                     	;# 
   106  0294                     	;# 
   107  0295                     	;# 
   108  0295                     	;# 
   109  0296                     	;# 
   110  0391                     	;# 
   111  0392                     	;# 
   112  0393                     	;# 
   113  039A                     	;# 
   114  039C                     	;# 
   115  039D                     	;# 
   116  039E                     	;# 
   117  039F                     	;# 
   118  0FE4                     	;# 
   119  0FE5                     	;# 
   120  0FE6                     	;# 
   121  0FE7                     	;# 
   122  0FE8                     	;# 
   123  0FE9                     	;# 
   124  0FEA                     	;# 
   125  0FEB                     	;# 
   126  0FED                     	;# 
   127  0FEE                     	;# 
   128  0FEF                     	;# 
   129  0011                     _PIR1bits	set	17
   130  000C                     _PORTA	set	12
   131  001B                     _PR2	set	27
   132  001C                     _T2CONbits	set	28
   133  009D                     _ADCON0bits	set	157
   134  009E                     _ADCON1bits	set	158
   135  009C                     _ADRESH	set	156
   136  0099                     _OSCCONbits	set	153
   137  008C                     _TRISAbits	set	140
   138  011D                     _APFCONbits	set	285
   139  018C                     _ANSELAbits	set	396
   140  0293                     _CCP1CONbits	set	659
   141  0291                     _CCPR1L	set	657
   142  0294                     _PWM1CONbits	set	660
   143                           
   144                           	psect	text0
   145  0000                     __ptext0:	
   146                           
   147                           ;psect for function _init
   148                           ; #config settings
   149  0000                     
   150                           	psect	cinit
   151  07FD                     start_initialization:	
   152  07FD                     __initialization:	
   153  07FD                     end_of_initialization:	
   154                           ;End of C runtime variable initialization code
   155                           
   156  07FD                     __end_of__initialization:	
   157  07FD  0020               	movlb	0
   158  07FE  3187  2FAE         	ljmp	_main	;jump to C main() function
   159                           
   160                           	psect	cstackCOMMON
   161  0070                     __pcstackCOMMON:	
   162  0070                     ?_init:	
   163  0070                     ??_init:	
   164                           ; 0 bytes @ 0x0
   165                           
   166  0070                     ?_init_adc:	
   167                           ; 0 bytes @ 0x0
   168                           
   169  0070                     ??_init_adc:	
   170                           ; 0 bytes @ 0x0
   171                           
   172  0070                     ?_init_eccp:	
   173                           ; 0 bytes @ 0x0
   174                           
   175  0070                     ??_init_eccp:	
   176                           ; 0 bytes @ 0x0
   177                           
   178  0070                     ?_main:	
   179                           ; 0 bytes @ 0x0
   180                           
   181                           
   182                           ; 0 bytes @ 0x0
   183  0070                     	ds	1
   184  0071                     ??_main:	
   185                           
   186                           ; 0 bytes @ 0x1
   187  0071                     	ds	1
   188  0072                     main@x:	
   189                           
   190                           ; 1 bytes @ 0x2
   191  0072                     	ds	1
   192                           
   193                           	psect	maintext
   194  07AE                     __pmaintext:	
   195 ;;
   196 ;;Main: autosize = 0, tempsize = 1, incstack = 0, save=0
   197 ;;
   198 ;; *************** function _main *****************
   199 ;; Defined at:
   200 ;;		line 37 in file "main.c"
   201 ;; Parameters:    Size  Location     Type
   202 ;;		None
   203 ;; Auto vars:     Size  Location     Type
   204 ;;  x               1    2[COMMON] unsigned char 
   205 ;; Return value:  Size  Location     Type
   206 ;;		None               void
   207 ;; Registers used:
   208 ;;		wreg, status,2, status,0, pclath, cstack
   209 ;; Tracked objects:
   210 ;;		On entry : 17F/0
   211 ;;		On exit  : 0/0
   212 ;;		Unchanged: 0/0
   213 ;; Data sizes:     COMMON   BANK0   BANK1   BANK2
   214 ;;      Params:         0       0       0       0
   215 ;;      Locals:         1       0       0       0
   216 ;;      Temps:          1       0       0       0
   217 ;;      Totals:         2       0       0       0
   218 ;;Total ram usage:        2 bytes
   219 ;; Hardware stack levels required when called:    1
   220 ;; This function calls:
   221 ;;		_init
   222 ;;		_init_adc
   223 ;;		_init_eccp
   224 ;; This function is called by:
   225 ;;		Startup code after reset
   226 ;; This function uses a non-reentrant model
   227 ;;
   228                           
   229                           
   230                           ;psect for function _main
   231  07AE                     _main:	
   232                           
   233                           ;main.c: 38: unsigned char x;
   234                           ;main.c: 39: x=0;
   235                           
   236                           ;incstack = 0
   237                           ; Regs used in _main: [wreg+status,2+status,0+pclath+cstack]
   238  07AE  01F2               	clrf	main@x
   239                           
   240                           ;main.c: 40: init();
   241  07AF  3187  27A1  3187   	fcall	_init
   242                           
   243                           ;main.c: 41: init_adc();
   244  07B2  3187  27C4  3187   	fcall	_init_adc
   245                           
   246                           ;main.c: 42: init_eccp();
   247  07B5  3187  27DD  3187   	fcall	_init_eccp
   248  07B8                     l562:	
   249                           ;main.c: 43: for(;;)
   250                           
   251                           
   252                           ;main.c: 44: {
   253                           ;main.c: 45: if(ADCON0bits.ADGO==0)
   254  07B8  0021               	movlb	1	; select bank1
   255  07B9  189D               	btfsc	29,1	;volatile
   256  07BA  2FB8               	goto	l562
   257                           
   258                           ;main.c: 46: {
   259                           ;main.c: 47: ADCON0bits.ADGO=1;
   260  07BB  149D               	bsf	29,1	;volatile
   261                           
   262                           ;main.c: 48: x=ADRESH;
   263  07BC  081C               	movf	28,w	;volatile
   264  07BD  00F1               	movwf	??_main
   265  07BE  0871               	movf	??_main,w
   266  07BF  00F2               	movwf	main@x
   267                           
   268                           ;main.c: 49: CCPR1L=x;
   269  07C0  0872               	movf	main@x,w
   270  07C1  0025               	movlb	5	; select bank5
   271  07C2  0091               	movwf	17	;volatile
   272                           
   273                           ;main.c: 51: }
   274                           ;main.c: 52: }
   275  07C3  2FB8               	goto	l562
   276  07C4                     __end_of_main:	
   277                           
   278                           	psect	text1
   279  07DD                     __ptext1:	
   280 ;; *************** function _init_eccp *****************
   281 ;; Defined at:
   282 ;;		line 79 in file "main.c"
   283 ;; Parameters:    Size  Location     Type
   284 ;;		None
   285 ;; Auto vars:     Size  Location     Type
   286 ;;		None
   287 ;; Return value:  Size  Location     Type
   288 ;;		None               void
   289 ;; Registers used:
   290 ;;		wreg, status,2, status,0
   291 ;; Tracked objects:
   292 ;;		On entry : 0/0
   293 ;;		On exit  : 0/0
   294 ;;		Unchanged: 0/0
   295 ;; Data sizes:     COMMON   BANK0   BANK1   BANK2
   296 ;;      Params:         0       0       0       0
   297 ;;      Locals:         0       0       0       0
   298 ;;      Temps:          0       0       0       0
   299 ;;      Totals:         0       0       0       0
   300 ;;Total ram usage:        0 bytes
   301 ;; Hardware stack levels used:    1
   302 ;; This function calls:
   303 ;;		Nothing
   304 ;; This function is called by:
   305 ;;		_main
   306 ;; This function uses a non-reentrant model
   307 ;;
   308                           
   309                           
   310                           ;psect for function _init_eccp
   311  07DD                     _init_eccp:	
   312                           
   313                           ;main.c: 80: TRISAbits.TRISA0=1;
   314                           
   315                           ;incstack = 0
   316                           ; Regs used in _init_eccp: [wreg+status,2+status,0]
   317  07DD  0021               	movlb	1	; select bank1
   318  07DE  140C               	bsf	12,0	;volatile
   319                           
   320                           ;main.c: 81: TRISAbits.TRISA2=1;
   321  07DF  150C               	bsf	12,2	;volatile
   322                           
   323                           ;main.c: 82: PR2=0xff;
   324  07E0  30FF               	movlw	255
   325  07E1  0020               	movlb	0	; select bank0
   326  07E2  009B               	movwf	27	;volatile
   327                           
   328                           ;main.c: 83: CCP1CONbits.P1M=0b10;
   329  07E3  0025               	movlb	5	; select bank5
   330  07E4  0813               	movf	19,w	;volatile
   331  07E5  393F               	andlw	-193
   332  07E6  3880               	iorlw	128
   333  07E7  0093               	movwf	19	;volatile
   334                           
   335                           ;main.c: 84: CCP1CONbits.CCP1M=0b1100;
   336  07E8  0813               	movf	19,w	;volatile
   337  07E9  39F0               	andlw	-16
   338  07EA  380C               	iorlw	12
   339  07EB  0093               	movwf	19	;volatile
   340                           
   341                           ;main.c: 85: CCP1CONbits.DC1B=0;
   342  07EC  30CF               	movlw	-49
   343  07ED  0593               	andwf	19,f	;volatile
   344                           
   345                           ;main.c: 86: CCPR1L=0;
   346  07EE  0191               	clrf	17	;volatile
   347                           
   348                           ;main.c: 87: PIR1bits.TMR2IF=0;
   349  07EF  0020               	movlb	0	; select bank0
   350  07F0  1091               	bcf	17,1	;volatile
   351                           
   352                           ;main.c: 88: T2CONbits.T2CKPS=0;
   353  07F1  30FC               	movlw	-4
   354  07F2  059C               	andwf	28,f	;volatile
   355                           
   356                           ;main.c: 90: T2CONbits.TMR2ON=1;
   357  07F3  151C               	bsf	28,2	;volatile
   358                           
   359                           ;main.c: 91: PWM1CONbits.P1DC=10;
   360  07F4  0025               	movlb	5	; select bank5
   361  07F5  0814               	movf	20,w	;volatile
   362  07F6  3980               	andlw	-128
   363  07F7  380A               	iorlw	10
   364  07F8  0094               	movwf	20	;volatile
   365                           
   366                           ;main.c: 94: TRISAbits.TRISA0=0;
   367  07F9  0021               	movlb	1	; select bank1
   368  07FA  100C               	bcf	12,0	;volatile
   369                           
   370                           ;main.c: 95: TRISAbits.TRISA2=0;
   371  07FB  110C               	bcf	12,2	;volatile
   372  07FC  0008               	return
   373  07FD                     __end_of_init_eccp:	
   374                           
   375                           	psect	text2
   376  07C4                     __ptext2:	
   377 ;; *************** function _init_adc *****************
   378 ;; Defined at:
   379 ;;		line 66 in file "main.c"
   380 ;; Parameters:    Size  Location     Type
   381 ;;		None
   382 ;; Auto vars:     Size  Location     Type
   383 ;;		None
   384 ;; Return value:  Size  Location     Type
   385 ;;		None               void
   386 ;; Registers used:
   387 ;;		wreg, status,2, status,0
   388 ;; Tracked objects:
   389 ;;		On entry : 0/0
   390 ;;		On exit  : 0/0
   391 ;;		Unchanged: 0/0
   392 ;; Data sizes:     COMMON   BANK0   BANK1   BANK2
   393 ;;      Params:         0       0       0       0
   394 ;;      Locals:         0       0       0       0
   395 ;;      Temps:          1       0       0       0
   396 ;;      Totals:         1       0       0       0
   397 ;;Total ram usage:        1 bytes
   398 ;; Hardware stack levels used:    1
   399 ;; This function calls:
   400 ;;		Nothing
   401 ;; This function is called by:
   402 ;;		_main
   403 ;; This function uses a non-reentrant model
   404 ;;
   405                           
   406                           
   407                           ;psect for function _init_adc
   408  07C4                     _init_adc:	
   409                           
   410                           ;main.c: 68: ADCON1bits.ADCS=0b011;
   411                           
   412                           ;incstack = 0
   413                           ; Regs used in _init_adc: [wreg+status,2+status,0]
   414  07C4  0021               	movlb	1	; select bank1
   415  07C5  081E               	movf	30,w	;volatile
   416  07C6  398F               	andlw	-113
   417  07C7  3830               	iorlw	48
   418  07C8  009E               	movwf	30	;volatile
   419                           
   420                           ;main.c: 69: ADCON1bits.ADPREF=0;
   421  07C9  30FC               	movlw	-4
   422  07CA  059E               	andwf	30,f	;volatile
   423                           
   424                           ;main.c: 70: ADCON1bits.ADFM=0;
   425  07CB  139E               	bcf	30,7	;volatile
   426                           
   427                           ;main.c: 71: TRISAbits.TRISA4=1;
   428  07CC  160C               	bsf	12,4	;volatile
   429                           
   430                           ;main.c: 72: ANSELAbits.ANSA4=1;
   431  07CD  0023               	movlb	3	; select bank3
   432  07CE  160C               	bsf	12,4	;volatile
   433                           
   434                           ;main.c: 73: ADCON0bits.CHS=0b00011;
   435  07CF  0021               	movlb	1	; select bank1
   436  07D0  081D               	movf	29,w	;volatile
   437  07D1  3983               	andlw	-125
   438  07D2  380C               	iorlw	12
   439  07D3  009D               	movwf	29	;volatile
   440                           
   441                           ;main.c: 74: ADCON0bits.ADON=1;
   442  07D4  141D               	bsf	29,0	;volatile
   443                           
   444                           ;main.c: 75: _delay((unsigned long)((10)*(32000000/4000000.0)));
   445  07D5  301A               	movlw	26
   446  07D6  00F0               	movwf	??_init_adc
   447  07D7                     u27:	
   448  07D7  0BF0               	decfsz	??_init_adc,f
   449  07D8  2FD7               	goto	u27
   450  07D9  0000               	nop
   451                           
   452                           ;main.c: 76: ADCON0bits.ADGO=1;
   453  07DA  0021               	movlb	1	; select bank1
   454  07DB  149D               	bsf	29,1	;volatile
   455  07DC  0008               	return
   456  07DD                     __end_of_init_adc:	
   457                           
   458                           	psect	text3
   459  07A1                     __ptext3:	
   460 ;; *************** function _init *****************
   461 ;; Defined at:
   462 ;;		line 55 in file "main.c"
   463 ;; Parameters:    Size  Location     Type
   464 ;;		None
   465 ;; Auto vars:     Size  Location     Type
   466 ;;		None
   467 ;; Return value:  Size  Location     Type
   468 ;;		None               void
   469 ;; Registers used:
   470 ;;		wreg, status,2, status,0
   471 ;; Tracked objects:
   472 ;;		On entry : 0/0
   473 ;;		On exit  : 0/0
   474 ;;		Unchanged: 0/0
   475 ;; Data sizes:     COMMON   BANK0   BANK1   BANK2
   476 ;;      Params:         0       0       0       0
   477 ;;      Locals:         0       0       0       0
   478 ;;      Temps:          0       0       0       0
   479 ;;      Totals:         0       0       0       0
   480 ;;Total ram usage:        0 bytes
   481 ;; Hardware stack levels used:    1
   482 ;; This function calls:
   483 ;;		Nothing
   484 ;; This function is called by:
   485 ;;		_main
   486 ;; This function uses a non-reentrant model
   487 ;;
   488                           
   489                           
   490                           ;psect for function _init
   491  07A1                     _init:	
   492                           
   493                           ;main.c: 57: OSCCONbits.SCS=0;
   494                           
   495                           ;incstack = 0
   496                           ; Regs used in _init: [wreg+status,2+status,0]
   497  07A1  30FC               	movlw	-4
   498  07A2  0021               	movlb	1	; select bank1
   499  07A3  0599               	andwf	25,f	;volatile
   500                           
   501                           ;main.c: 58: OSCCONbits.IRCF=0b1110;
   502  07A4  0819               	movf	25,w	;volatile
   503  07A5  3987               	andlw	-121
   504  07A6  3870               	iorlw	112
   505  07A7  0099               	movwf	25	;volatile
   506                           
   507                           ;main.c: 60: APFCONbits.CCP1SEL=0;
   508  07A8  0022               	movlb	2	; select bank2
   509  07A9  101D               	bcf	29,0	;volatile
   510                           
   511                           ;main.c: 61: APFCONbits.P1BSEL=0;
   512  07AA  109D               	bcf	29,1	;volatile
   513                           
   514                           ;main.c: 62: PORTA=0;
   515  07AB  0020               	movlb	0	; select bank0
   516  07AC  018C               	clrf	12	;volatile
   517  07AD  0008               	return
   518  07AE                     __end_of_init:	
   519  007E                     btemp	set	126	;btemp
   520  007E                     wtemp0	set	126


Data Sizes:
    Strings     0
    Constant    0
    Data        0
    BSS         0
    Persistent  0
    Stack       0

Auto Spaces:
    Space          Size  Autos    Used
    COMMON           14      3       3
    BANK0            80      0       0
    BANK1            80      0       0
    BANK2            69      0       0

Pointer List with Targets:

    None.

Critical Paths under _main in COMMON

    _main->_init_adc

Critical Paths under _main in BANK0

    None.

Critical Paths under _main in BANK1

    None.

Critical Paths under _main in BANK2

    None.

Call Graph Tables:

 ---------------------------------------------------------------------------------
 (Depth) Function   	        Calls       Base Space   Used Autos Params    Refs
 ---------------------------------------------------------------------------------
 (0) _main                                                 2     2      0      15
                                              1 COMMON     2     2      0
                               _init
                           _init_adc
                          _init_eccp
 ---------------------------------------------------------------------------------
 (1) _init_eccp                                            0     0      0       0
 ---------------------------------------------------------------------------------
 (1) _init_adc                                             1     1      0       0
                                              0 COMMON     1     1      0
 ---------------------------------------------------------------------------------
 (1) _init                                                 0     0      0       0
 ---------------------------------------------------------------------------------
 Estimated maximum stack depth 1
 ---------------------------------------------------------------------------------

 Call Graph Graphs:

 _main (ROOT)
   _init
   _init_adc
   _init_eccp

 Address spaces:
Name               Size   Autos  Total    Cost      Usage
BIGRAM              F0      0       0       0        0.0%
EEDATA             100      0       0       0        0.0%
NULL                 0      0       0       0        0.0%
CODE                 0      0       0       0        0.0%
BITCOMMON            E      0       0       1        0.0%
BITSFR0              0      0       0       1        0.0%
SFR0                 0      0       0       1        0.0%
COMMON               E      3       3       2       21.4%
BITSFR1              0      0       0       2        0.0%
SFR1                 0      0       0       2        0.0%
BITSFR2              0      0       0       3        0.0%
SFR2                 0      0       0       3        0.0%
STACK                0      0       1       3        0.0%
BITSFR3              0      0       0       4        0.0%
SFR3                 0      0       0       4        0.0%
ABS                  0      0       0       4        0.0%
BITBANK0            50      0       0       5        0.0%
BITSFR4              0      0       0       5        0.0%
SFR4                 0      0       0       5        0.0%
BANK0               50      0       0       6        0.0%
BITSFR5              0      0       0       6        0.0%
SFR5                 0      0       0       6        0.0%
BITBANK1            50      0       0       7        0.0%
BITSFR6              0      0       0       7        0.0%
SFR6                 0      0       0       7        0.0%
BANK1               50      0       0       8        0.0%
BITSFR7              0      0       0       8        0.0%
SFR7                 0      0       0       8        0.0%
BITBANK2            45      0       0       9        0.0%
BITSFR8              0      0       0       9        0.0%
SFR8                 0      0       0       9        0.0%
BANK2               45      0       0      10        0.0%
BITSFR9              0      0       0      10        0.0%
SFR9                 0      0       0      10        0.0%
BITSFR10             0      0       0      11        0.0%
SFR10                0      0       0      11        0.0%
DATA                 0      0       0      11        0.0%
BITSFR11             0      0       0      12        0.0%
SFR11                0      0       0      12        0.0%
BITSFR12             0      0       0      13        0.0%
SFR12                0      0       0      13        0.0%
BITSFR13             0      0       0      14        0.0%
SFR13                0      0       0      14        0.0%
BITSFR14             0      0       0      15        0.0%
SFR14                0      0       0      15        0.0%
BITSFR15             0      0       0      16        0.0%
SFR15                0      0       0      16        0.0%
BITSFR16             0      0       0      17        0.0%
SFR16                0      0       0      17        0.0%
BITSFR17             0      0       0      18        0.0%
SFR17                0      0       0      18        0.0%
BITSFR18             0      0       0      19        0.0%
SFR18                0      0       0      19        0.0%
BITSFR19             0      0       0      20        0.0%
SFR19                0      0       0      20        0.0%
BITSFR20             0      0       0      21        0.0%
SFR20                0      0       0      21        0.0%
BITSFR21             0      0       0      22        0.0%
SFR21                0      0       0      22        0.0%
BITSFR22             0      0       0      23        0.0%
SFR22                0      0       0      23        0.0%
BITSFR23             0      0       0      24        0.0%
SFR23                0      0       0      24        0.0%
BITSFR24             0      0       0      25        0.0%
SFR24                0      0       0      25        0.0%
BITSFR25             0      0       0      26        0.0%
SFR25                0      0       0      26        0.0%
BITSFR26             0      0       0      27        0.0%
SFR26                0      0       0      27        0.0%
BITSFR27             0      0       0      28        0.0%
SFR27                0      0       0      28        0.0%
BITSFR28             0      0       0      29        0.0%
SFR28                0      0       0      29        0.0%
BITSFR29             0      0       0      30        0.0%
SFR29                0      0       0      30        0.0%
BITSFR30             0      0       0      31        0.0%
SFR30                0      0       0      31        0.0%
BITSFR31             0      0       0      32        0.0%
SFR31                0      0       0      32        0.0%


Microchip Technology PIC Macro Assembler V1.21 build 54009 
Symbol Table                                                                                   Wed Dec 11 08:30:46 2013

            __CFG_CP$OFF 0000                       u27 07D7                      l562 07B8  
                    _PR2 001B             __CFG_CPD$OFF 0000             __CFG_BORV$LO 0000  
           __CFG_IESO$ON 0000             __CFG_LVP$OFF 0000             __CFG_WRT$OFF 0000  
          __CFG_FCMEN$ON 0000                     _main 07AE                     _init 07A1  
                   btemp 007E                     start 0003            __CFG_MCLRE$ON 0000  
          __CFG_PLLEN$ON 0000                    ?_main 0070                    ?_init 0070  
          __CFG_WDTE$OFF 0000                    _PORTA 000C                    main@x 0072  
         __CFG_BOREN$OFF 0000                    wtemp0 007E          __initialization 07FD  
           __end_of_main 07C4             __end_of_init 07AE                   ??_main 0071  
                 ??_init 0070                   _ADRESH 009C                   _CCPR1L 0291  
         __CFG_PWRTE$OFF 0000           __CFG_STVREN$ON 0000         __end_of_init_adc 07DD  
__end_of__initialization 07FD           __pcstackCOMMON 0070       __size_of_init_eccp 0020  
             __pmaintext 07AE                ?_init_adc 0070                  __ptext0 0000  
                __ptext1 07DD                  __ptext2 07C4                  __ptext3 07A1  
              _T2CONbits 001C        __end_of_init_eccp 07FD     end_of_initialization 07FD  
             ??_init_adc 0070         __CFG_FOSC$INTOSC 0000                _TRISAbits 008C  
            _CCP1CONbits 0293      start_initialization 07FD        __size_of_init_adc 0019  
              _init_eccp 07DD                 _PIR1bits 0011               _ADCON0bits 009D  
             _ADCON1bits 009E               ?_init_eccp 0070               _APFCONbits 011D  
             _ANSELAbits 018C                 _init_adc 07C4            __size_of_main 0016  
          __size_of_init 000D              _PWM1CONbits 0294              ??_init_eccp 0070  
      __CFG_CLKOUTEN$OFF 0000               _OSCCONbits 0099  
