

Microchip Technology PIC LITE Macro Assembler V1.21 build 54009 
                                                                                               Mon Dec 09 06:47:03 2013

Microchip Technology Omniscient Code Generator (Lite mode) build 54009
     1                           	processor	12F1840
     2                           	opt	pw 120
     3                           	opt	lm
     4                           	psect	intentry,global,class=CODE,delta=2
     5                           	psect	cinit,global,class=CODE,merge=1,delta=2
     6                           	psect	cstackCOMMON,global,class=COMMON,space=1,delta=1
     7                           	psect	maintext,global,class=CODE,merge=1,split=1,delta=2
     8                           	psect	text1,local,class=CODE,merge=1,delta=2
     9                           	psect	text2,local,class=CODE,merge=1,delta=2
    10                           	dabs	1,0x7E,2
    11  0000                     	;# 
    12  0001                     	;# 
    13  0002                     	;# 
    14  0003                     	;# 
    15  0004                     	;# 
    16  0005                     	;# 
    17  0006                     	;# 
    18  0007                     	;# 
    19  0008                     	;# 
    20  0009                     	;# 
    21  000A                     	;# 
    22  000B                     	;# 
    23  000C                     	;# 
    24  0011                     	;# 
    25  0012                     	;# 
    26  0015                     	;# 
    27  0016                     	;# 
    28  0016                     	;# 
    29  0017                     	;# 
    30  0018                     	;# 
    31  0019                     	;# 
    32  001A                     	;# 
    33  001B                     	;# 
    34  001C                     	;# 
    35  001E                     	;# 
    36  001F                     	;# 
    37  008C                     	;# 
    38  0091                     	;# 
    39  0092                     	;# 
    40  0095                     	;# 
    41  0096                     	;# 
    42  0097                     	;# 
    43  0098                     	;# 
    44  0099                     	;# 
    45  009A                     	;# 
    46  009B                     	;# 
    47  009B                     	;# 
    48  009C                     	;# 
    49  009D                     	;# 
    50  009E                     	;# 
    51  010C                     	;# 
    52  0111                     	;# 
    53  0112                     	;# 
    54  0115                     	;# 
    55  0116                     	;# 
    56  0117                     	;# 
    57  0118                     	;# 
    58  0119                     	;# 
    59  011A                     	;# 
    60  011B                     	;# 
    61  011D                     	;# 
    62  011D                     	;# 
    63  018C                     	;# 
    64  0191                     	;# 
    65  0191                     	;# 
    66  0192                     	;# 
    67  0193                     	;# 
    68  0193                     	;# 
    69  0193                     	;# 
    70  0194                     	;# 
    71  0195                     	;# 
    72  0196                     	;# 
    73  0197                     	;# 
    74  0199                     	;# 
    75  019A                     	;# 
    76  019B                     	;# 
    77  019B                     	;# 
    78  019B                     	;# 
    79  019B                     	;# 
    80  019C                     	;# 
    81  019C                     	;# 
    82  019D                     	;# 
    83  019E                     	;# 
    84  019F                     	;# 
    85  020C                     	;# 
    86  0211                     	;# 
    87  0211                     	;# 
    88  0212                     	;# 
    89  0212                     	;# 
    90  0213                     	;# 
    91  0213                     	;# 
    92  0214                     	;# 
    93  0214                     	;# 
    94  0215                     	;# 
    95  0215                     	;# 
    96  0215                     	;# 
    97  0216                     	;# 
    98  0216                     	;# 
    99  0217                     	;# 
   100  0217                     	;# 
   101  0291                     	;# 
   102  0291                     	;# 
   103  0292                     	;# 
   104  0293                     	;# 
   105  0294                     	;# 
   106  0295                     	;# 
   107  0295                     	;# 
   108  0296                     	;# 
   109  0391                     	;# 
   110  0392                     	;# 
   111  0393                     	;# 
   112  039A                     	;# 
   113  039C                     	;# 
   114  039D                     	;# 
   115  039E                     	;# 
   116  039F                     	;# 
   117  0FE4                     	;# 
   118  0FE5                     	;# 
   119  0FE6                     	;# 
   120  0FE7                     	;# 
   121  0FE8                     	;# 
   122  0FE9                     	;# 
   123  0FEA                     	;# 
   124  0FEB                     	;# 
   125  0FED                     	;# 
   126  0FEE                     	;# 
   127  0FEF                     	;# 
   128  0000                     	;# 
   129  0001                     	;# 
   130  0002                     	;# 
   131  0003                     	;# 
   132  0004                     	;# 
   133  0005                     	;# 
   134  0006                     	;# 
   135  0007                     	;# 
   136  0008                     	;# 
   137  0009                     	;# 
   138  000A                     	;# 
   139  000B                     	;# 
   140  000C                     	;# 
   141  0011                     	;# 
   142  0012                     	;# 
   143  0015                     	;# 
   144  0016                     	;# 
   145  0016                     	;# 
   146  0017                     	;# 
   147  0018                     	;# 
   148  0019                     	;# 
   149  001A                     	;# 
   150  001B                     	;# 
   151  001C                     	;# 
   152  001E                     	;# 
   153  001F                     	;# 
   154  008C                     	;# 
   155  0091                     	;# 
   156  0092                     	;# 
   157  0095                     	;# 
   158  0096                     	;# 
   159  0097                     	;# 
   160  0098                     	;# 
   161  0099                     	;# 
   162  009A                     	;# 
   163  009B                     	;# 
   164  009B                     	;# 
   165  009C                     	;# 
   166  009D                     	;# 
   167  009E                     	;# 
   168  010C                     	;# 
   169  0111                     	;# 
   170  0112                     	;# 
   171  0115                     	;# 
   172  0116                     	;# 
   173  0117                     	;# 
   174  0118                     	;# 
   175  0119                     	;# 
   176  011A                     	;# 
   177  011B                     	;# 
   178  011D                     	;# 
   179  011D                     	;# 
   180  018C                     	;# 
   181  0191                     	;# 
   182  0191                     	;# 
   183  0192                     	;# 
   184  0193                     	;# 
   185  0193                     	;# 
   186  0193                     	;# 
   187  0194                     	;# 
   188  0195                     	;# 
   189  0196                     	;# 
   190  0197                     	;# 
   191  0199                     	;# 
   192  019A                     	;# 
   193  019B                     	;# 
   194  019B                     	;# 
   195  019B                     	;# 
   196  019B                     	;# 
   197  019C                     	;# 
   198  019C                     	;# 
   199  019D                     	;# 
   200  019E                     	;# 
   201  019F                     	;# 
   202  020C                     	;# 
   203  0211                     	;# 
   204  0211                     	;# 
   205  0212                     	;# 
   206  0212                     	;# 
   207  0213                     	;# 
   208  0213                     	;# 
   209  0214                     	;# 
   210  0214                     	;# 
   211  0215                     	;# 
   212  0215                     	;# 
   213  0215                     	;# 
   214  0216                     	;# 
   215  0216                     	;# 
   216  0217                     	;# 
   217  0217                     	;# 
   218  0291                     	;# 
   219  0291                     	;# 
   220  0292                     	;# 
   221  0293                     	;# 
   222  0294                     	;# 
   223  0295                     	;# 
   224  0295                     	;# 
   225  0296                     	;# 
   226  0391                     	;# 
   227  0392                     	;# 
   228  0393                     	;# 
   229  039A                     	;# 
   230  039C                     	;# 
   231  039D                     	;# 
   232  039E                     	;# 
   233  039F                     	;# 
   234  0FE4                     	;# 
   235  0FE5                     	;# 
   236  0FE6                     	;# 
   237  0FE7                     	;# 
   238  0FE8                     	;# 
   239  0FE9                     	;# 
   240  0FEA                     	;# 
   241  0FEB                     	;# 
   242  0FED                     	;# 
   243  0FEE                     	;# 
   244  0FEF                     	;# 
   245  0000                     	;# 
   246  0001                     	;# 
   247  0002                     	;# 
   248  0003                     	;# 
   249  0004                     	;# 
   250  0005                     	;# 
   251  0006                     	;# 
   252  0007                     	;# 
   253  0008                     	;# 
   254  0009                     	;# 
   255  000A                     	;# 
   256  000B                     	;# 
   257  000C                     	;# 
   258  0011                     	;# 
   259  0012                     	;# 
   260  0015                     	;# 
   261  0016                     	;# 
   262  0016                     	;# 
   263  0017                     	;# 
   264  0018                     	;# 
   265  0019                     	;# 
   266  001A                     	;# 
   267  001B                     	;# 
   268  001C                     	;# 
   269  001E                     	;# 
   270  001F                     	;# 
   271  008C                     	;# 
   272  0091                     	;# 
   273  0092                     	;# 
   274  0095                     	;# 
   275  0096                     	;# 
   276  0097                     	;# 
   277  0098                     	;# 
   278  0099                     	;# 
   279  009A                     	;# 
   280  009B                     	;# 
   281  009B                     	;# 
   282  009C                     	;# 
   283  009D                     	;# 
   284  009E                     	;# 
   285  010C                     	;# 
   286  0111                     	;# 
   287  0112                     	;# 
   288  0115                     	;# 
   289  0116                     	;# 
   290  0117                     	;# 
   291  0118                     	;# 
   292  0119                     	;# 
   293  011A                     	;# 
   294  011B                     	;# 
   295  011D                     	;# 
   296  011D                     	;# 
   297  018C                     	;# 
   298  0191                     	;# 
   299  0191                     	;# 
   300  0192                     	;# 
   301  0193                     	;# 
   302  0193                     	;# 
   303  0193                     	;# 
   304  0194                     	;# 
   305  0195                     	;# 
   306  0196                     	;# 
   307  0197                     	;# 
   308  0199                     	;# 
   309  019A                     	;# 
   310  019B                     	;# 
   311  019B                     	;# 
   312  019B                     	;# 
   313  019B                     	;# 
   314  019C                     	;# 
   315  019C                     	;# 
   316  019D                     	;# 
   317  019E                     	;# 
   318  019F                     	;# 
   319  020C                     	;# 
   320  0211                     	;# 
   321  0211                     	;# 
   322  0212                     	;# 
   323  0212                     	;# 
   324  0213                     	;# 
   325  0213                     	;# 
   326  0214                     	;# 
   327  0214                     	;# 
   328  0215                     	;# 
   329  0215                     	;# 
   330  0215                     	;# 
   331  0216                     	;# 
   332  0216                     	;# 
   333  0217                     	;# 
   334  0217                     	;# 
   335  0291                     	;# 
   336  0291                     	;# 
   337  0292                     	;# 
   338  0293                     	;# 
   339  0294                     	;# 
   340  0295                     	;# 
   341  0295                     	;# 
   342  0296                     	;# 
   343  0391                     	;# 
   344  0392                     	;# 
   345  0393                     	;# 
   346  039A                     	;# 
   347  039C                     	;# 
   348  039D                     	;# 
   349  039E                     	;# 
   350  039F                     	;# 
   351  0FE4                     	;# 
   352  0FE5                     	;# 
   353  0FE6                     	;# 
   354  0FE7                     	;# 
   355  0FE8                     	;# 
   356  0FE9                     	;# 
   357  0FEA                     	;# 
   358  0FEB                     	;# 
   359  0FED                     	;# 
   360  0FEE                     	;# 
   361  0FEF                     	;# 
   362  0000                     	;# 
   363  0001                     	;# 
   364  0002                     	;# 
   365  0003                     	;# 
   366  0004                     	;# 
   367  0005                     	;# 
   368  0006                     	;# 
   369  0007                     	;# 
   370  0008                     	;# 
   371  0009                     	;# 
   372  000A                     	;# 
   373  000B                     	;# 
   374  000C                     	;# 
   375  0011                     	;# 
   376  0012                     	;# 
   377  0015                     	;# 
   378  0016                     	;# 
   379  0016                     	;# 
   380  0017                     	;# 
   381  0018                     	;# 
   382  0019                     	;# 
   383  001A                     	;# 
   384  001B                     	;# 
   385  001C                     	;# 
   386  001E                     	;# 
   387  001F                     	;# 
   388  008C                     	;# 
   389  0091                     	;# 
   390  0092                     	;# 
   391  0095                     	;# 
   392  0096                     	;# 
   393  0097                     	;# 
   394  0098                     	;# 
   395  0099                     	;# 
   396  009A                     	;# 
   397  009B                     	;# 
   398  009B                     	;# 
   399  009C                     	;# 
   400  009D                     	;# 
   401  009E                     	;# 
   402  010C                     	;# 
   403  0111                     	;# 
   404  0112                     	;# 
   405  0115                     	;# 
   406  0116                     	;# 
   407  0117                     	;# 
   408  0118                     	;# 
   409  0119                     	;# 
   410  011A                     	;# 
   411  011B                     	;# 
   412  011D                     	;# 
   413  011D                     	;# 
   414  018C                     	;# 
   415  0191                     	;# 
   416  0191                     	;# 
   417  0192                     	;# 
   418  0193                     	;# 
   419  0193                     	;# 
   420  0193                     	;# 
   421  0194                     	;# 
   422  0195                     	;# 
   423  0196                     	;# 
   424  0197                     	;# 
   425  0199                     	;# 
   426  019A                     	;# 
   427  019B                     	;# 
   428  019B                     	;# 
   429  019B                     	;# 
   430  019B                     	;# 
   431  019C                     	;# 
   432  019C                     	;# 
   433  019D                     	;# 
   434  019E                     	;# 
   435  019F                     	;# 
   436  020C                     	;# 
   437  0211                     	;# 
   438  0211                     	;# 
   439  0212                     	;# 
   440  0212                     	;# 
   441  0213                     	;# 
   442  0213                     	;# 
   443  0214                     	;# 
   444  0214                     	;# 
   445  0215                     	;# 
   446  0215                     	;# 
   447  0215                     	;# 
   448  0216                     	;# 
   449  0216                     	;# 
   450  0217                     	;# 
   451  0217                     	;# 
   452  0291                     	;# 
   453  0291                     	;# 
   454  0292                     	;# 
   455  0293                     	;# 
   456  0294                     	;# 
   457  0295                     	;# 
   458  0295                     	;# 
   459  0296                     	;# 
   460  0391                     	;# 
   461  0392                     	;# 
   462  0393                     	;# 
   463  039A                     	;# 
   464  039C                     	;# 
   465  039D                     	;# 
   466  039E                     	;# 
   467  039F                     	;# 
   468  0FE4                     	;# 
   469  0FE5                     	;# 
   470  0FE6                     	;# 
   471  0FE7                     	;# 
   472  0FE8                     	;# 
   473  0FE9                     	;# 
   474  0FEA                     	;# 
   475  0FEB                     	;# 
   476  0FED                     	;# 
   477  0FEE                     	;# 
   478  0FEF                     	;# 
   479  0000                     	;# 
   480  0001                     	;# 
   481  0002                     	;# 
   482  0003                     	;# 
   483  0004                     	;# 
   484  0005                     	;# 
   485  0006                     	;# 
   486  0007                     	;# 
   487  0008                     	;# 
   488  0009                     	;# 
   489  000A                     	;# 
   490  000B                     	;# 
   491  000C                     	;# 
   492  0011                     	;# 
   493  0012                     	;# 
   494  0015                     	;# 
   495  0016                     	;# 
   496  0016                     	;# 
   497  0017                     	;# 
   498  0018                     	;# 
   499  0019                     	;# 
   500  001A                     	;# 
   501  001B                     	;# 
   502  001C                     	;# 
   503  001E                     	;# 
   504  001F                     	;# 
   505  008C                     	;# 
   506  0091                     	;# 
   507  0092                     	;# 
   508  0095                     	;# 
   509  0096                     	;# 
   510  0097                     	;# 
   511  0098                     	;# 
   512  0099                     	;# 
   513  009A                     	;# 
   514  009B                     	;# 
   515  009B                     	;# 
   516  009C                     	;# 
   517  009D                     	;# 
   518  009E                     	;# 
   519  010C                     	;# 
   520  0111                     	;# 
   521  0112                     	;# 
   522  0115                     	;# 
   523  0116                     	;# 
   524  0117                     	;# 
   525  0118                     	;# 
   526  0119                     	;# 
   527  011A                     	;# 
   528  011B                     	;# 
   529  011D                     	;# 
   530  011D                     	;# 
   531  018C                     	;# 
   532  0191                     	;# 
   533  0191                     	;# 
   534  0192                     	;# 
   535  0193                     	;# 
   536  0193                     	;# 
   537  0193                     	;# 
   538  0194                     	;# 
   539  0195                     	;# 
   540  0196                     	;# 
   541  0197                     	;# 
   542  0199                     	;# 
   543  019A                     	;# 
   544  019B                     	;# 
   545  019B                     	;# 
   546  019B                     	;# 
   547  019B                     	;# 
   548  019C                     	;# 
   549  019C                     	;# 
   550  019D                     	;# 
   551  019E                     	;# 
   552  019F                     	;# 
   553  020C                     	;# 
   554  0211                     	;# 
   555  0211                     	;# 
   556  0212                     	;# 
   557  0212                     	;# 
   558  0213                     	;# 
   559  0213                     	;# 
   560  0214                     	;# 
   561  0214                     	;# 
   562  0215                     	;# 
   563  0215                     	;# 
   564  0215                     	;# 
   565  0216                     	;# 
   566  0216                     	;# 
   567  0217                     	;# 
   568  0217                     	;# 
   569  0291                     	;# 
   570  0291                     	;# 
   571  0292                     	;# 
   572  0293                     	;# 
   573  0294                     	;# 
   574  0295                     	;# 
   575  0295                     	;# 
   576  0296                     	;# 
   577  0391                     	;# 
   578  0392                     	;# 
   579  0393                     	;# 
   580  039A                     	;# 
   581  039C                     	;# 
   582  039D                     	;# 
   583  039E                     	;# 
   584  039F                     	;# 
   585  0FE4                     	;# 
   586  0FE5                     	;# 
   587  0FE6                     	;# 
   588  0FE7                     	;# 
   589  0FE8                     	;# 
   590  0FE9                     	;# 
   591  0FEA                     	;# 
   592  0FEB                     	;# 
   593  0FED                     	;# 
   594  0FEE                     	;# 
   595  0FEF                     	;# 
   596                           
   597                           	psect	intentry
   598  0004                     __pintentry:	
   599                           
   600                           ; #config settings
   601  0000                     
   602 ;; *************** function _isr *****************
   603 ;; Defined at:
   604 ;;		line 24 in file "interrupts.c"
   605 ;; Parameters:    Size  Location     Type
   606 ;;		None
   607 ;; Auto vars:     Size  Location     Type
   608 ;;		None
   609 ;; Return value:  Size  Location     Type
   610 ;;		None               void
   611 ;; Registers used:
   612 ;;		None
   613 ;; Tracked objects:
   614 ;;		On entry : 0/0
   615 ;;		On exit  : 0/0
   616 ;;		Unchanged: 0/0
   617 ;; Data sizes:     COMMON   BANK0   BANK1   BANK2
   618 ;;      Params:         0       0       0       0
   619 ;;      Locals:         0       0       0       0
   620 ;;      Temps:          1       0       0       0
   621 ;;      Totals:         1       0       0       0
   622 ;;Total ram usage:        1 bytes
   623 ;; Hardware stack levels used:    1
   624 ;; This function calls:
   625 ;;		Nothing
   626 ;; This function is called by:
   627 ;;		Interrupt level 1
   628 ;; This function uses a non-reentrant model
   629 ;;
   630  0004                     _isr:	
   631                           
   632                           ;incstack = 0
   633                           ; Regs used in _isr: []
   634  0004  3180               	pagesel	$
   635  0005  0020               	movlb	0	; select bank0
   636  0006  087F               	movf	127,w
   637  0007  00F0               	movwf	??_isr
   638  0008  0870               	movf	??_isr,w
   639  0009  00FF               	movwf	127
   640  000A  0009               	retfie
   641  000B                     __end_of_isr:	
   642  007E                     btemp	set	126	;btemp
   643  007E                     wtemp0	set	126
   644                           
   645                           	psect	cinit
   646  000D                     start_initialization:	
   647  000D                     __initialization:	
   648  000D                     end_of_initialization:	
   649                           ;End of C runtime variable initialization code
   650                           
   651  000D                     __end_of__initialization:	
   652  000D  0020               	movlb	0
   653  000E  3180  2810         	ljmp	_main	;jump to C main() function
   654                           
   655                           	psect	cstackCOMMON
   656  0070                     __pcstackCOMMON:	
   657  0070                     ?_ConfigureOscillator:	
   658  0070                     ?_InitApp:	
   659                           ; 0 bytes @ 0x0
   660                           
   661  0070                     ?_isr:	
   662                           ; 0 bytes @ 0x0
   663                           
   664  0070                     ??_isr:	
   665                           ; 0 bytes @ 0x0
   666                           
   667  0070                     ?_main:	
   668                           ; 0 bytes @ 0x0
   669                           
   670                           
   671                           ; 0 bytes @ 0x0
   672  0070                     	ds	1
   673  0071                     ??_ConfigureOscillator:	
   674  0071                     ??_InitApp:	
   675                           ; 0 bytes @ 0x1
   676                           
   677  0071                     ??_main:	
   678                           ; 0 bytes @ 0x1
   679                           
   680                           
   681                           	psect	maintext
   682  0010                     __pmaintext:	
   683                           ; 0 bytes @ 0x1
   684 ;;
   685 ;;Main: autosize = 0, tempsize = 0, incstack = 0, save=0
   686 ;;
   687 ;; *************** function _main *****************
   688 ;; Defined at:
   689 ;;		line 28 in file "main.c"
   690 ;; Parameters:    Size  Location     Type
   691 ;;		None
   692 ;; Auto vars:     Size  Location     Type
   693 ;;		None
   694 ;; Return value:  Size  Location     Type
   695 ;;		None               void
   696 ;; Registers used:
   697 ;;		wreg, fsr0l, fsr0h, fsr1l, fsr1h, fsr1l, fsr1h, status,2, status,0, btemp+1, pclath, cstack
   698 ;; Tracked objects:
   699 ;;		On entry : 17F/0
   700 ;;		On exit  : 0/0
   701 ;;		Unchanged: 0/0
   702 ;; Data sizes:     COMMON   BANK0   BANK1   BANK2
   703 ;;      Params:         0       0       0       0
   704 ;;      Locals:         0       0       0       0
   705 ;;      Temps:          0       0       0       0
   706 ;;      Totals:         0       0       0       0
   707 ;;Total ram usage:        0 bytes
   708 ;; Hardware stack levels required when called:    2
   709 ;; This function calls:
   710 ;;		_ConfigureOscillator
   711 ;;		_InitApp
   712 ;; This function is called by:
   713 ;;		Startup code after reset
   714 ;; This function uses a non-reentrant model
   715 ;;
   716                           
   717                           
   718                           ;psect for function _main
   719  0010                     _main:	
   720                           
   721                           ;main.c: 30: ConfigureOscillator();
   722                           
   723                           ;incstack = 0
   724                           ; Regs used in _main: [allreg]
   725  0010  3180  2018  3180   	fcall	_ConfigureOscillator
   726                           
   727                           ;main.c: 33: InitApp();
   728  0013  3180  2017  3180   	fcall	_InitApp
   729  0016                     l10:	
   730                           ;main.c: 36: while(1)
   731                           
   732                           
   733                           ;main.c: 37: {
   734  0016  2816               	goto	l10
   735  0017                     __end_of_main:	
   736                           
   737                           	psect	text1
   738  0017                     __ptext1:	
   739 ;; *************** function _InitApp *****************
   740 ;; Defined at:
   741 ;;		line 23 in file "user.c"
   742 ;; Parameters:    Size  Location     Type
   743 ;;		None
   744 ;; Auto vars:     Size  Location     Type
   745 ;;		None
   746 ;; Return value:  Size  Location     Type
   747 ;;		None               void
   748 ;; Registers used:
   749 ;;		None
   750 ;; Tracked objects:
   751 ;;		On entry : 0/0
   752 ;;		On exit  : 0/0
   753 ;;		Unchanged: 0/0
   754 ;; Data sizes:     COMMON   BANK0   BANK1   BANK2
   755 ;;      Params:         0       0       0       0
   756 ;;      Locals:         0       0       0       0
   757 ;;      Temps:          0       0       0       0
   758 ;;      Totals:         0       0       0       0
   759 ;;Total ram usage:        0 bytes
   760 ;; Hardware stack levels used:    1
   761 ;; Hardware stack levels required when called:    1
   762 ;; This function calls:
   763 ;;		Nothing
   764 ;; This function is called by:
   765 ;;		_main
   766 ;; This function uses a non-reentrant model
   767 ;;
   768                           
   769                           
   770                           ;psect for function _InitApp
   771  0017                     _InitApp:	
   772                           
   773                           ;incstack = 0
   774                           ; Regs used in _InitApp: []
   775  0017  0008               	return
   776  0018                     __end_of_InitApp:	
   777                           
   778                           	psect	text2
   779  0018                     __ptext2:	
   780 ;; *************** function _ConfigureOscillator *****************
   781 ;; Defined at:
   782 ;;		line 19 in file "system.c"
   783 ;; Parameters:    Size  Location     Type
   784 ;;		None
   785 ;; Auto vars:     Size  Location     Type
   786 ;;		None
   787 ;; Return value:  Size  Location     Type
   788 ;;		None               void
   789 ;; Registers used:
   790 ;;		None
   791 ;; Tracked objects:
   792 ;;		On entry : 0/0
   793 ;;		On exit  : 0/0
   794 ;;		Unchanged: 0/0
   795 ;; Data sizes:     COMMON   BANK0   BANK1   BANK2
   796 ;;      Params:         0       0       0       0
   797 ;;      Locals:         0       0       0       0
   798 ;;      Temps:          0       0       0       0
   799 ;;      Totals:         0       0       0       0
   800 ;;Total ram usage:        0 bytes
   801 ;; Hardware stack levels used:    1
   802 ;; Hardware stack levels required when called:    1
   803 ;; This function calls:
   804 ;;		Nothing
   805 ;; This function is called by:
   806 ;;		_main
   807 ;; This function uses a non-reentrant model
   808 ;;
   809                           
   810                           
   811                           ;psect for function _ConfigureOscillator
   812  0018                     _ConfigureOscillator:	
   813                           
   814                           ;incstack = 0
   815                           ; Regs used in _ConfigureOscillator: []
   816  0018  0008               	return
   817  0019                     __end_of_ConfigureOscillator:	


Data Sizes:
    Strings     0
    Constant    0
    Data        0
    BSS         0
    Persistent  0
    Stack       0

Auto Spaces:
    Space          Size  Autos    Used
    COMMON           14      1       1
    BANK0            80      0       0
    BANK1            80      0       0
    BANK2            80      0       0

Pointer List with Targets:

    None.

Critical Paths under _main in COMMON

    None.

Critical Paths under _isr in COMMON

    None.

Critical Paths under _main in BANK0

    None.

Critical Paths under _isr in BANK0

    None.

Critical Paths under _main in BANK1

    None.

Critical Paths under _isr in BANK1

    None.

Critical Paths under _main in BANK2

    None.

Critical Paths under _isr in BANK2

    None.

Call Graph Tables:

 ---------------------------------------------------------------------------------
 (Depth) Function   	        Calls       Base Space   Used Autos Params    Refs
 ---------------------------------------------------------------------------------
 (0) _main                                                 0     0      0       0
                _ConfigureOscillator
                            _InitApp
 ---------------------------------------------------------------------------------
 (1) _InitApp                                              0     0      0       0
 ---------------------------------------------------------------------------------
 (1) _ConfigureOscillator                                  0     0      0       0
 ---------------------------------------------------------------------------------
 Estimated maximum stack depth 1
 ---------------------------------------------------------------------------------
 (Depth) Function   	        Calls       Base Space   Used Autos Params    Refs
 ---------------------------------------------------------------------------------
 (2) _isr                                                  1     1      0       0
                                              0 COMMON     1     1      0
 ---------------------------------------------------------------------------------
 Estimated maximum stack depth 2
 ---------------------------------------------------------------------------------

 Call Graph Graphs:

 _main (ROOT)
   _ConfigureOscillator
   _InitApp

 _isr (ROOT)

 Address spaces:
Name               Size   Autos  Total    Cost      Usage
BIGRAM              F0      0       0       0        0.0%
EEDATA             100      0       0       0        0.0%
NULL                 0      0       0       0        0.0%
CODE                 0      0       0       0        0.0%
BITCOMMON            E      0       0       1        0.0%
BITSFR0              0      0       0       1        0.0%
SFR0                 0      0       0       1        0.0%
COMMON               E      1       1       2        7.1%
BITSFR1              0      0       0       2        0.0%
SFR1                 0      0       0       2        0.0%
BITSFR2              0      0       0       3        0.0%
SFR2                 0      0       0       3        0.0%
STACK                0      0       1       3        0.0%
BITSFR3              0      0       0       4        0.0%
SFR3                 0      0       0       4        0.0%
ABS                  0      0       0       4        0.0%
BITBANK0            50      0       0       5        0.0%
BITSFR4              0      0       0       5        0.0%
SFR4                 0      0       0       5        0.0%
BANK0               50      0       0       6        0.0%
BITSFR5              0      0       0       6        0.0%
SFR5                 0      0       0       6        0.0%
BITBANK1            50      0       0       7        0.0%
BITSFR6              0      0       0       7        0.0%
SFR6                 0      0       0       7        0.0%
BANK1               50      0       0       8        0.0%
BITSFR7              0      0       0       8        0.0%
SFR7                 0      0       0       8        0.0%
BITBANK2            50      0       0       9        0.0%
BITSFR8              0      0       0       9        0.0%
SFR8                 0      0       0       9        0.0%
BANK2               50      0       0      10        0.0%
BITSFR9              0      0       0      10        0.0%
SFR9                 0      0       0      10        0.0%
BITSFR10             0      0       0      11        0.0%
SFR10                0      0       0      11        0.0%
DATA                 0      0       0      11        0.0%
BITSFR11             0      0       0      12        0.0%
SFR11                0      0       0      12        0.0%
BITSFR12             0      0       0      13        0.0%
SFR12                0      0       0      13        0.0%
BITSFR13             0      0       0      14        0.0%
SFR13                0      0       0      14        0.0%
BITSFR14             0      0       0      15        0.0%
SFR14                0      0       0      15        0.0%
BITSFR15             0      0       0      16        0.0%
SFR15                0      0       0      16        0.0%
BITSFR16             0      0       0      17        0.0%
SFR16                0      0       0      17        0.0%
BITSFR17             0      0       0      18        0.0%
SFR17                0      0       0      18        0.0%
BITSFR18             0      0       0      19        0.0%
SFR18                0      0       0      19        0.0%
BITSFR19             0      0       0      20        0.0%
SFR19                0      0       0      20        0.0%
BITSFR20             0      0       0      21        0.0%
SFR20                0      0       0      21        0.0%
BITSFR21             0      0       0      22        0.0%
SFR21                0      0       0      22        0.0%
BITSFR22             0      0       0      23        0.0%
SFR22                0      0       0      23        0.0%
BITSFR23             0      0       0      24        0.0%
SFR23                0      0       0      24        0.0%
BITSFR24             0      0       0      25        0.0%
SFR24                0      0       0      25        0.0%
BITSFR25             0      0       0      26        0.0%
SFR25                0      0       0      26        0.0%
BITSFR26             0      0       0      27        0.0%
SFR26                0      0       0      27        0.0%
BITSFR27             0      0       0      28        0.0%
SFR27                0      0       0      28        0.0%
BITSFR28             0      0       0      29        0.0%
SFR28                0      0       0      29        0.0%
BITSFR29             0      0       0      30        0.0%
SFR29                0      0       0      30        0.0%
BITSFR30             0      0       0      31        0.0%
SFR30                0      0       0      31        0.0%
BITSFR31             0      0       0      32        0.0%
SFR31                0      0       0      32        0.0%


Microchip Technology PIC Macro Assembler V1.21 build 54009 
Symbol Table                                                                                   Mon Dec 09 06:47:03 2013

                 __CFG_CP$OFF 0000                            l10 0016                  __CFG_CPD$OFF 0000  
                         _isr 0004                  __CFG_BORV$LO 0000                  __CFG_IESO$ON 0000  
                __CFG_LVP$OFF 0000                          ?_isr 0070                  __CFG_WRT$OFF 0000  
               __CFG_FCMEN$ON 0000                          _main 0010                          btemp 007E  
                        start 000B                 __CFG_MCLRE$ON 0000               __end_of_InitApp 0018  
                       ??_isr 0070                 __CFG_PLLEN$ON 0000                         ?_main 0070  
               __CFG_WDTE$OFF 0000           _ConfigureOscillator 0018                __CFG_BOREN$OFF 0000  
                       wtemp0 007E          ?_ConfigureOscillator 0070               __initialization 000D  
                __end_of_main 0017                        ??_main 0071                     ??_InitApp 0071  
       ??_ConfigureOscillator 0071                __CFG_PWRTE$OFF 0000                __CFG_STVREN$ON 0000  
     __end_of__initialization 000D                __pcstackCOMMON 0070                    __pmaintext 0010  
                  __pintentry 0004                       _InitApp 0017                       __ptext1 0017  
                     __ptext2 0018                  __size_of_isr 0007          end_of_initialization 000D  
            __CFG_FOSC$INTOSC 0000   __end_of_ConfigureOscillator 0019           start_initialization 000D  
                 __end_of_isr 000B                      ?_InitApp 0070              __size_of_InitApp 0001  
               __size_of_main 0007  __size_of_ConfigureOscillator 0001                      intlevel1 0000  
           __CFG_CLKOUTEN$OFF 0000  
