

Microchip Technology PIC LITE Macro Assembler V1.21 build 54009 
                                                                                               Fri Dec 13 06:44:04 2013

Microchip Technology Omniscient Code Generator (Lite mode) build 54009
     1                           	processor	16F876A
     2                           	opt	pw 120
     3                           	opt	lm
     4                           	psect	maintext,global,class=CODE,split=1,delta=2
     5                           	psect	cinit,global,class=CODE,merge=1,delta=2
     6                           	psect	cstackCOMMON,global,class=COMMON,space=1,delta=1
     7                           	dabs	1,0x7E,2
     8  0000                     	;# 
     9  0001                     	;# 
    10  0002                     	;# 
    11  0003                     	;# 
    12  0004                     	;# 
    13  0005                     	;# 
    14  0006                     	;# 
    15  0007                     	;# 
    16  000A                     	;# 
    17  000B                     	;# 
    18  000C                     	;# 
    19  000D                     	;# 
    20  000E                     	;# 
    21  000E                     	;# 
    22  000F                     	;# 
    23  0010                     	;# 
    24  0011                     	;# 
    25  0012                     	;# 
    26  0013                     	;# 
    27  0014                     	;# 
    28  0015                     	;# 
    29  0015                     	;# 
    30  0016                     	;# 
    31  0017                     	;# 
    32  0018                     	;# 
    33  0019                     	;# 
    34  001A                     	;# 
    35  001B                     	;# 
    36  001B                     	;# 
    37  001C                     	;# 
    38  001D                     	;# 
    39  001E                     	;# 
    40  001F                     	;# 
    41  0081                     	;# 
    42  0085                     	;# 
    43  0086                     	;# 
    44  0087                     	;# 
    45  008C                     	;# 
    46  008D                     	;# 
    47  008E                     	;# 
    48  0091                     	;# 
    49  0092                     	;# 
    50  0093                     	;# 
    51  0094                     	;# 
    52  0098                     	;# 
    53  0099                     	;# 
    54  009C                     	;# 
    55  009D                     	;# 
    56  009E                     	;# 
    57  009F                     	;# 
    58  010C                     	;# 
    59  010D                     	;# 
    60  010E                     	;# 
    61  010F                     	;# 
    62  018C                     	;# 
    63  018D                     	;# 
    64  0006                     _PORTB	set	6
    65  0086                     _TRISB	set	134
    66                           
    67                           	psect	maintext
    68  07E4                     __pmaintext:	
    69                           
    70                           ;psect for function _main
    71                           ; #config settings
    72  0000                     
    73 ;;
    74 ;;Main: autosize = 0, tempsize = 1, incstack = 0, save=0
    75 ;;
    76 ;; *************** function _main *****************
    77 ;; Defined at:
    78 ;;		line 22 in file "newmain.c"
    79 ;; Parameters:    Size  Location     Type
    80 ;;		None
    81 ;; Auto vars:     Size  Location     Type
    82 ;;		None
    83 ;; Return value:  Size  Location     Type
    84 ;;		None               void
    85 ;; Registers used:
    86 ;;		wreg, status,2
    87 ;; Tracked objects:
    88 ;;		On entry : 17F/0
    89 ;;		On exit  : 0/0
    90 ;;		Unchanged: 0/0
    91 ;; Data sizes:     COMMON   BANK0   BANK1   BANK3   BANK2
    92 ;;      Params:         0       0       0       0       0
    93 ;;      Locals:         0       0       0       0       0
    94 ;;      Temps:          1       0       0       0       0
    95 ;;      Totals:         1       0       0       0       0
    96 ;;Total ram usage:        1 bytes
    97 ;; This function calls:
    98 ;;		Nothing
    99 ;; This function is called by:
   100 ;;		Startup code after reset
   101 ;; This function uses a non-reentrant model
   102 ;;
   103  07E4                     _main:	
   104                           
   105                           ;newmain.c: 24: TRISB=0;
   106                           
   107                           ;incstack = 0
   108                           ; Regs used in _main: [wreg+status,2]
   109  07E4  1683               	bsf	3,5	;RP0=1, select bank1
   110  07E5  1303               	bcf	3,6	;RP1=0, select bank1
   111  07E6  0186               	clrf	6	;volatile
   112                           
   113                           ;newmain.c: 25: PORTB=0;
   114  07E7  1283               	bcf	3,5	;RP0=0, select bank0
   115  07E8  1303               	bcf	3,6	;RP1=0, select bank0
   116  07E9  0186               	clrf	6	;volatile
   117  07EA                     l470:	
   118                           ;newmain.c: 26: for(;;)
   119                           
   120                           
   121                           ;newmain.c: 27: {
   122                           ;newmain.c: 28: PORTB=0xff;
   123  07EA  30FF               	movlw	255
   124  07EB  1283               	bcf	3,5	;RP0=0, select bank0
   125  07EC  1303               	bcf	3,6	;RP1=0, select bank0
   126  07ED  0086               	movwf	6	;volatile
   127                           
   128                           ;newmain.c: 29: _delay((unsigned long)((10)*(20000000/4000000.0)));
   129  07EE  3010               	movlw	16
   130  07EF  00F0               	movwf	??_main
   131  07F0                     u17:	
   132  07F0  0BF0               	decfsz	??_main,f
   133  07F1  2FF0               	goto	u17
   134  07F2  0000               	nop
   135                           
   136                           ;newmain.c: 30: PORTB=0;
   137  07F3  1283               	bcf	3,5	;RP0=0, select bank0
   138  07F4  1303               	bcf	3,6	;RP1=0, select bank0
   139  07F5  0186               	clrf	6	;volatile
   140                           
   141                           ;newmain.c: 31: _delay((unsigned long)((10)*(20000000/4000000.0)));
   142  07F6  3010               	movlw	16
   143  07F7  00F0               	movwf	??_main
   144  07F8                     u27:	
   145  07F8  0BF0               	decfsz	??_main,f
   146  07F9  2FF8               	goto	u27
   147  07FA  0000               	nop
   148                           
   149                           ;newmain.c: 32: }
   150  07FB  2FEA               	goto	l470
   151  07FC                     __end_of_main:	
   152  007E                     btemp	set	126	;btemp
   153  007E                     wtemp0	set	126
   154                           
   155                           	psect	cinit
   156  07FC                     start_initialization:	
   157  07FC                     __initialization:	
   158  07FC                     end_of_initialization:	
   159                           ;End of C runtime variable initialization code
   160                           
   161  07FC                     __end_of__initialization:	
   162  07FC  0183               	clrf	3
   163  07FD  120A  118A  2FE4   	ljmp	_main	;jump to C main() function
   164                           
   165                           	psect	cstackCOMMON
   166  0070                     __pcstackCOMMON:	
   167  0070                     ?_main:	
   168  0070                     ??_main:	
   169                           ; 0 bytes @ 0x0
   170                           
   171                           
   172                           ; 0 bytes @ 0x0
   173  0070                     	ds	1


Data Sizes:
    Strings     0
    Constant    0
    Data        0
    BSS         0
    Persistent  0
    Stack       0

Auto Spaces:
    Space          Size  Autos    Used
    COMMON           14      1       1
    BANK0            80      0       0
    BANK1            80      0       0
    BANK3            96      0       0
    BANK2            96      0       0

Pointer List with Targets:

    None.

Critical Paths under _main in COMMON

    None.

Critical Paths under _main in BANK0

    None.

Critical Paths under _main in BANK1

    None.

Critical Paths under _main in BANK3

    None.

Critical Paths under _main in BANK2

    None.

Call Graph Tables:

 ---------------------------------------------------------------------------------
 (Depth) Function   	        Calls       Base Space   Used Autos Params    Refs
 ---------------------------------------------------------------------------------
 (0) _main                                                 1     1      0       0
                                              0 COMMON     1     1      0
 ---------------------------------------------------------------------------------
 Estimated maximum stack depth 0
 ---------------------------------------------------------------------------------

 Call Graph Graphs:

 _main (ROOT)

 Address spaces:
Name               Size   Autos  Total    Cost      Usage
BITCOMMON            E      0       0       0        0.0%
EEDATA             100      0       0       0        0.0%
NULL                 0      0       0       0        0.0%
CODE                 0      0       0       0        0.0%
COMMON               E      1       1       1        7.1%
BITSFR0              0      0       0       1        0.0%
SFR0                 0      0       0       1        0.0%
BITSFR1              0      0       0       2        0.0%
SFR1                 0      0       0       2        0.0%
STACK                0      0       0       2        0.0%
ABS                  0      0       0       3        0.0%
BITBANK0            50      0       0       4        0.0%
BITSFR3              0      0       0       4        0.0%
SFR3                 0      0       0       4        0.0%
BANK0               50      0       0       5        0.0%
BITSFR2              0      0       0       5        0.0%
SFR2                 0      0       0       5        0.0%
BITBANK1            50      0       0       6        0.0%
BANK1               50      0       0       7        0.0%
BITBANK3            60      0       0       8        0.0%
BANK3               60      0       0       9        0.0%
BITBANK2            60      0       0      10        0.0%
BANK2               60      0       0      11        0.0%
DATA                 0      0       0      12        0.0%


Microchip Technology PIC Macro Assembler V1.21 build 54009 
Symbol Table                                                                                   Fri Dec 13 06:44:04 2013

            __CFG_CP$OFF 0000                       u17 07F0                       u27 07F8  
                    l470 07EA             __CFG_CPD$OFF 0000             __CFG_FOSC$HS 0000  
           __CFG_LVP$OFF 0000             __CFG_WRT$OFF 0000                     _main 07E4  
                   btemp 007E                     start 0000                    ?_main 0070  
          __CFG_WDTE$OFF 0000                    _PORTB 0006                    _TRISB 0086  
         __CFG_BOREN$OFF 0000                    status 0003                    wtemp0 007E  
        __initialization 07FC             __end_of_main 07FC                   ??_main 0070  
         __CFG_PWRTE$OFF 0000  __end_of__initialization 07FC           __pcstackCOMMON 0070  
             __pmaintext 07E4     end_of_initialization 07FC      start_initialization 07FC  
          __size_of_main 0018  
