

Microchip Technology PIC LITE Macro Assembler V1.30 build 55553 
                                                                                               Mon Jun 16 16:42:04 2014

Microchip Technology Omniscient Code Generator (Lite mode) build 55553
     1                           	processor	16F876A
     2                           	opt	pw 120
     3                           	opt	lm
     4                           	psect	nvCOMMON,global,class=COMMON,space=1,delta=1
     5                           	psect	cinit,global,class=CODE,merge=1,delta=2
     6                           	psect	cstackCOMMON,global,class=COMMON,space=1,delta=1
     7                           	psect	maintext,global,class=CODE,split=1,delta=2
     8                           	psect	text1,local,class=CODE,merge=1,delta=2
     9                           	psect	text2,local,class=CODE,merge=1,delta=2
    10                           	psect	text3,local,class=CODE,merge=1,delta=2
    11                           	dabs	1,0x7E,2
    12  0000                     	;# 
    13  0001                     	;# 
    14  0002                     	;# 
    15  0003                     	;# 
    16  0004                     	;# 
    17  0005                     	;# 
    18  0006                     	;# 
    19  0007                     	;# 
    20  000A                     	;# 
    21  000B                     	;# 
    22  000C                     	;# 
    23  000D                     	;# 
    24  000E                     	;# 
    25  000E                     	;# 
    26  000F                     	;# 
    27  0010                     	;# 
    28  0011                     	;# 
    29  0012                     	;# 
    30  0013                     	;# 
    31  0014                     	;# 
    32  0015                     	;# 
    33  0015                     	;# 
    34  0016                     	;# 
    35  0017                     	;# 
    36  0018                     	;# 
    37  0019                     	;# 
    38  001A                     	;# 
    39  001B                     	;# 
    40  001B                     	;# 
    41  001C                     	;# 
    42  001D                     	;# 
    43  001E                     	;# 
    44  001F                     	;# 
    45  0081                     	;# 
    46  0085                     	;# 
    47  0086                     	;# 
    48  0087                     	;# 
    49  008C                     	;# 
    50  008D                     	;# 
    51  008E                     	;# 
    52  0091                     	;# 
    53  0092                     	;# 
    54  0093                     	;# 
    55  0094                     	;# 
    56  0098                     	;# 
    57  0099                     	;# 
    58  009C                     	;# 
    59  009D                     	;# 
    60  009E                     	;# 
    61  009F                     	;# 
    62  010C                     	;# 
    63  010D                     	;# 
    64  010E                     	;# 
    65  010F                     	;# 
    66  018C                     	;# 
    67  018D                     	;# 
    68                           
    69                           	psect	nvCOMMON
    70  0075                     __pnvCOMMON:	
    71  0075                     _delayus_variable:	
    72  0075                     	ds	1
    73  0006                     _PORTB	set	6
    74  0006                     _PORTBbits	set	6
    75  0086                     _TRISB	set	134
    76                           
    77                           ; #config settings
    78  0000                     
    79                           	psect	cinit
    80  07FC                     start_initialization:	
    81  07FC                     __initialization:	
    82  07FC                     end_of_initialization:	
    83                           ;End of C runtime variable initialization code
    84                           
    85  07FC                     __end_of__initialization:	
    86  07FC  0183               	clrf	3
    87  07FD  120A  118A  2F51   	ljmp	_main	;jump to C main() function
    88                           
    89                           	psect	cstackCOMMON
    90  0070                     __pcstackCOMMON:	
    91  0070                     ?_DelayMs:	
    92  0070                     ??_DelayMs:	
    93                           ; 0 bytes @ 0x0
    94                           
    95  0070                     ?_motor_dreapta:	
    96                           ; 0 bytes @ 0x0
    97                           
    98  0070                     ?_motor_stanga:	
    99                           ; 0 bytes @ 0x0
   100                           
   101  0070                     ?_main:	
   102                           ; 0 bytes @ 0x0
   103                           
   104                           
   105                           ; 0 bytes @ 0x0
   106  0070                     	ds	1
   107  0071                     DelayMs@cnt:	
   108                           
   109                           ; 1 bytes @ 0x1
   110  0071                     	ds	1
   111  0072                     DelayMs@i:	
   112                           
   113                           ; 1 bytes @ 0x2
   114  0072                     	ds	1
   115  0073                     ??_motor_dreapta:	
   116  0073                     ??_motor_stanga:	
   117                           ; 0 bytes @ 0x3
   118                           
   119                           
   120                           ; 0 bytes @ 0x3
   121  0073                     	ds	1
   122  0074                     motor_dreapta@t:	
   123  0074                     motor_stanga@t:	
   124                           ; 1 bytes @ 0x4
   125                           
   126                           
   127                           ; 1 bytes @ 0x4
   128  0074                     	ds	1
   129  0075                     ??_main:	
   130                           
   131                           	psect	maintext
   132  0751                     __pmaintext:	
   133                           ; 0 bytes @ 0x5
   134 ;;
   135 ;;Main: autosize = 0, tempsize = 0, incstack = 0, save=0
   136 ;;
   137 ;; *************** function _main *****************
   138 ;; Defined at:
   139 ;;		line 90 in file "v_3.c"
   140 ;; Parameters:    Size  Location     Type
   141 ;;		None
   142 ;; Auto vars:     Size  Location     Type
   143 ;;  i               2    0        int 
   144 ;; Return value:  Size  Location     Type
   145 ;;		None               void
   146 ;; Registers used:
   147 ;;		wreg, status,2, status,0, pclath, cstack
   148 ;; Tracked objects:
   149 ;;		On entry : 17F/0
   150 ;;		On exit  : 0/0
   151 ;;		Unchanged: 0/0
   152 ;; Data sizes:     COMMON   BANK0   BANK1   BANK3   BANK2
   153 ;;      Params:         0       0       0       0       0
   154 ;;      Locals:         0       0       0       0       0
   155 ;;      Temps:          0       0       0       0       0
   156 ;;      Totals:         0       0       0       0       0
   157 ;;Total ram usage:        0 bytes
   158 ;; Hardware stack levels required when called:    2
   159 ;; This function calls:
   160 ;;		_motor_dreapta
   161 ;;		_motor_stanga
   162 ;; This function is called by:
   163 ;;		Startup code after reset
   164 ;; This function uses a non-reentrant model
   165 ;;
   166                           
   167                           
   168                           ;psect for function _main
   169  0751                     _main:	
   170                           
   171                           ;v_3.c: 92: int i;
   172                           ;v_3.c: 93: TRISB=0b11111100;
   173                           
   174                           ;incstack = 0
   175                           ; Regs used in _main: [wreg+status,2+status,0+pclath+cstack]
   176  0751  30FC               	movlw	252
   177  0752  1683               	bsf	3,5	;RP0=1, select bank1
   178  0753  1303               	bcf	3,6	;RP1=0, select bank1
   179  0754  0086               	movwf	6	;volatile
   180                           
   181                           ;v_3.c: 94: PORTBbits.RB0=0;
   182  0755  1283               	bcf	3,5	;RP0=0, select bank0
   183  0756  1303               	bcf	3,6	;RP1=0, select bank0
   184  0757  1006               	bcf	6,0	;volatile
   185                           
   186                           ;v_3.c: 95: PORTBbits.RB1=0;
   187  0758  1086               	bcf	6,1	;volatile
   188                           
   189                           ;v_3.c: 96: PORTB=0;
   190  0759  0186               	clrf	6	;volatile
   191  075A                     l25:	
   192                           ;v_3.c: 100: {
   193                           ;v_3.c: 101: while(!PORTBbits.RB4)
   194                           
   195                           ;v_3.c: 99: for(;;)
   196                           
   197  075A  1A06               	btfsc	6,4	;volatile
   198  075B  2F5A               	goto	l25
   199                           
   200                           ;v_3.c: 102: {
   201                           ;v_3.c: 104: motor_dreapta(198);
   202  075C  30C6               	movlw	198
   203  075D  120A  118A  2774   	fcall	_motor_dreapta
      +       120A  118A         
   204                           
   205                           ;v_3.c: 105: motor_stanga(195);
   206  0762  30C3               	movlw	195
   207  0763                     L1:	
   208  0763  120A  118A  27B8   	fcall	_motor_stanga
      +       120A  118A         
   209                           
   210                           ;v_3.c: 106: while(PORTBbits.RB4)
   211  0768  1283               	bcf	3,5	;RP0=0, select bank0
   212  0769  1303               	bcf	3,6	;RP1=0, select bank0
   213  076A  1E06               	btfss	6,4	;volatile
   214  076B  2F5A               	goto	l25
   215                           
   216                           ;v_3.c: 107: {
   217                           ;v_3.c: 108: motor_dreapta(1);
   218  076C  3001               	movlw	1
   219  076D  120A  118A  2774   	fcall	_motor_dreapta
      +       120A  118A         
   220                           
   221                           ;v_3.c: 109: motor_stanga(250);
   222  0772  30FA               	movlw	250
   223  0773  2F63               	goto	L1
   224  0774                     __end_of_main:	
   225                           ;v_3.c: 129: }
   226                           ;v_3.c: 130: }
   227                           ;v_3.c: 131: }
   228                           
   229                           
   230                           	psect	text1
   231  07B8                     __ptext1:	
   232 ;; *************** function _motor_stanga *****************
   233 ;; Defined at:
   234 ;;		line 71 in file "v_3.c"
   235 ;; Parameters:    Size  Location     Type
   236 ;;  t               1    wreg     unsigned char 
   237 ;; Auto vars:     Size  Location     Type
   238 ;;  t               1    4[COMMON] unsigned char 
   239 ;; Return value:  Size  Location     Type
   240 ;;		None               void
   241 ;; Registers used:
   242 ;;		wreg, status,2, status,0, pclath, cstack
   243 ;; Tracked objects:
   244 ;;		On entry : 0/0
   245 ;;		On exit  : 0/0
   246 ;;		Unchanged: 0/0
   247 ;; Data sizes:     COMMON   BANK0   BANK1   BANK3   BANK2
   248 ;;      Params:         0       0       0       0       0
   249 ;;      Locals:         1       0       0       0       0
   250 ;;      Temps:          1       0       0       0       0
   251 ;;      Totals:         2       0       0       0       0
   252 ;;Total ram usage:        2 bytes
   253 ;; Hardware stack levels used:    1
   254 ;; Hardware stack levels required when called:    1
   255 ;; This function calls:
   256 ;;		_DelayMs
   257 ;; This function is called by:
   258 ;;		_main
   259 ;; This function uses a non-reentrant model
   260 ;;
   261                           
   262                           
   263                           ;psect for function _motor_stanga
   264  07B8                     _motor_stanga:	
   265                           
   266                           ;incstack = 0
   267                           ; Regs used in _motor_stanga: [wreg+status,2+status,0+pclath+cstack]
   268                           ;motor_stanga@t stored from wreg
   269  07B8  00F4               	movwf	motor_stanga@t
   270                           
   271                           ;v_3.c: 73: PORTBbits.RB1=1;
   272  07B9  1283               	bcf	3,5	;RP0=0, select bank0
   273  07BA  1303               	bcf	3,6	;RP1=0, select bank0
   274  07BB  1486               	bsf	6,1	;volatile
   275                           
   276                           ;v_3.c: 74: { delayus_variable=(unsigned char)250; asm("nop"); asm("nop"); } asm("decfsz
      +                           _delayus_variable,f"); asm("goto $ - 3");;
   277  07BC  30FA               	movlw	250
   278  07BD  00F3               	movwf	??_motor_stanga
   279  07BE  0873               	movf	??_motor_stanga,w
   280  07BF  00F5               	movwf	_delayus_variable
   281  07C0  0000               	nop	;# 
   282  07C1  0000               	nop	;# 
   283  07C2  0BF5               	decfsz	_delayus_variable,f	;# 
   284  07C3  2FB5               	goto	($+-3)	;# 
   285                           
   286                           ;v_3.c: 75: { delayus_variable=(unsigned char)250; asm("nop"); asm("nop"); } asm("decfsz
      +                           _delayus_variable,f"); asm("goto $ - 3");;
   287  07C4  30FA               	movlw	250
   288  07C5  00F3               	movwf	??_motor_stanga
   289  07C6  0873               	movf	??_motor_stanga,w
   290  07C7  00F5               	movwf	_delayus_variable
   291  07C8  0000               	nop	;# 
   292  07C9  0000               	nop	;# 
   293  07CA  0BF5               	decfsz	_delayus_variable,f	;# 
   294  07CB  2FB5               	goto	($+-3)	;# 
   295                           
   296                           ;v_3.c: 80: { delayus_variable=(unsigned char)t; asm("nop"); asm("nop"); } asm("decfsz _
      +                          delayus_variable,f"); asm("goto $ - 3");;
   297  07CC  0874               	movf	motor_stanga@t,w
   298  07CD  00F3               	movwf	??_motor_stanga
   299  07CE  0873               	movf	??_motor_stanga,w
   300  07CF  00F5               	movwf	_delayus_variable
   301  07D0  0000               	nop	;# 
   302  07D1  0000               	nop	;# 
   303  07D2  0BF5               	decfsz	_delayus_variable,f	;# 
   304  07D3  2FB5               	goto	($+-3)	;# 
   305                           
   306                           ;v_3.c: 81: { delayus_variable=(unsigned char)t; asm("nop"); asm("nop"); } asm("decfsz _
      +                          delayus_variable,f"); asm("goto $ - 3");;
   307  07D4  0874               	movf	motor_stanga@t,w
   308  07D5  00F3               	movwf	??_motor_stanga
   309  07D6  0873               	movf	??_motor_stanga,w
   310  07D7  00F5               	movwf	_delayus_variable
   311  07D8  0000               	nop	;# 
   312  07D9  0000               	nop	;# 
   313  07DA  0BF5               	decfsz	_delayus_variable,f	;# 
   314  07DB  2FB5               	goto	($+-3)	;# 
   315                           
   316                           ;v_3.c: 82: { delayus_variable=(unsigned char)t; asm("nop"); asm("nop"); } asm("decfsz _
      +                          delayus_variable,f"); asm("goto $ - 3");;
   317  07DC  0874               	movf	motor_stanga@t,w
   318  07DD  00F3               	movwf	??_motor_stanga
   319  07DE  0873               	movf	??_motor_stanga,w
   320  07DF  00F5               	movwf	_delayus_variable
   321  07E0  0000               	nop	;# 
   322  07E1  0000               	nop	;# 
   323  07E2  0BF5               	decfsz	_delayus_variable,f	;# 
   324  07E3  2FB5               	goto	($+-3)	;# 
   325                           
   326                           ;v_3.c: 83: { delayus_variable=(unsigned char)t; asm("nop"); asm("nop"); } asm("decfsz _
      +                          delayus_variable,f"); asm("goto $ - 3");;
   327  07E4  0874               	movf	motor_stanga@t,w
   328  07E5  00F3               	movwf	??_motor_stanga
   329  07E6  0873               	movf	??_motor_stanga,w
   330  07E7  00F5               	movwf	_delayus_variable
   331  07E8  0000               	nop	;# 
   332  07E9  0000               	nop	;# 
   333  07EA  0BF5               	decfsz	_delayus_variable,f	;# 
   334  07EB  2FB5               	goto	($+-3)	;# 
   335                           
   336                           ;v_3.c: 84: { delayus_variable=(unsigned char)t; asm("nop"); asm("nop"); } asm("decfsz _
      +                          delayus_variable,f"); asm("goto $ - 3");;
   337  07EC  0874               	movf	motor_stanga@t,w
   338  07ED  00F3               	movwf	??_motor_stanga
   339  07EE  0873               	movf	??_motor_stanga,w
   340  07EF  00F5               	movwf	_delayus_variable
   341  07F0  0000               	nop	;# 
   342  07F1  0000               	nop	;# 
   343  07F2  0BF5               	decfsz	_delayus_variable,f	;# 
   344  07F3  2FB5               	goto	($+-3)	;# 
   345                           
   346                           ;v_3.c: 85: PORTBbits.RB1=0;
   347  07F4  1283               	bcf	3,5	;RP0=0, select bank0
   348  07F5  1303               	bcf	3,6	;RP1=0, select bank0
   349  07F6  1086               	bcf	6,1	;volatile
   350                           
   351                           ;v_3.c: 86: DelayMs(20);
   352  07F7  3014               	movlw	20
   353  07F8  120A  118A  273B   	fcall	_DelayMs
   354  07FB  0008               	return
   355  07FC                     __end_of_motor_stanga:	
   356                           
   357                           	psect	text2
   358  0774                     __ptext2:	
   359 ;; *************** function _motor_dreapta *****************
   360 ;; Defined at:
   361 ;;		line 53 in file "v_3.c"
   362 ;; Parameters:    Size  Location     Type
   363 ;;  t               1    wreg     unsigned char 
   364 ;; Auto vars:     Size  Location     Type
   365 ;;  t               1    4[COMMON] unsigned char 
   366 ;; Return value:  Size  Location     Type
   367 ;;		None               void
   368 ;; Registers used:
   369 ;;		wreg, status,2, status,0, pclath, cstack
   370 ;; Tracked objects:
   371 ;;		On entry : 0/0
   372 ;;		On exit  : 0/0
   373 ;;		Unchanged: 0/0
   374 ;; Data sizes:     COMMON   BANK0   BANK1   BANK3   BANK2
   375 ;;      Params:         0       0       0       0       0
   376 ;;      Locals:         1       0       0       0       0
   377 ;;      Temps:          1       0       0       0       0
   378 ;;      Totals:         2       0       0       0       0
   379 ;;Total ram usage:        2 bytes
   380 ;; Hardware stack levels used:    1
   381 ;; Hardware stack levels required when called:    1
   382 ;; This function calls:
   383 ;;		_DelayMs
   384 ;; This function is called by:
   385 ;;		_main
   386 ;; This function uses a non-reentrant model
   387 ;;
   388                           
   389                           
   390                           ;psect for function _motor_dreapta
   391  0774                     _motor_dreapta:	
   392                           
   393                           ;incstack = 0
   394                           ; Regs used in _motor_dreapta: [wreg+status,2+status,0+pclath+cstack]
   395                           ;motor_dreapta@t stored from wreg
   396  0774  00F4               	movwf	motor_dreapta@t
   397                           
   398                           ;v_3.c: 55: PORTBbits.RB0=1;
   399  0775  1283               	bcf	3,5	;RP0=0, select bank0
   400  0776  1303               	bcf	3,6	;RP1=0, select bank0
   401  0777  1406               	bsf	6,0	;volatile
   402                           
   403                           ;v_3.c: 56: { delayus_variable=(unsigned char)250; asm("nop"); asm("nop"); } asm("decfsz
      +                           _delayus_variable,f"); asm("goto $ - 3");;
   404  0778  30FA               	movlw	250
   405  0779  00F3               	movwf	??_motor_dreapta
   406  077A  0873               	movf	??_motor_dreapta,w
   407  077B  00F5               	movwf	_delayus_variable
   408  077C  0000               	nop	;# 
   409  077D  0000               	nop	;# 
   410  077E  0BF5               	decfsz	_delayus_variable,f	;# 
   411  077F  2F71               	goto	($+-3)	;# 
   412                           
   413                           ;v_3.c: 57: { delayus_variable=(unsigned char)250; asm("nop"); asm("nop"); } asm("decfsz
      +                           _delayus_variable,f"); asm("goto $ - 3");;
   414  0780  30FA               	movlw	250
   415  0781  00F3               	movwf	??_motor_dreapta
   416  0782  0873               	movf	??_motor_dreapta,w
   417  0783  00F5               	movwf	_delayus_variable
   418  0784  0000               	nop	;# 
   419  0785  0000               	nop	;# 
   420  0786  0BF5               	decfsz	_delayus_variable,f	;# 
   421  0787  2F71               	goto	($+-3)	;# 
   422                           
   423                           ;v_3.c: 62: { delayus_variable=(unsigned char)t; asm("nop"); asm("nop"); } asm("decfsz _
      +                          delayus_variable,f"); asm("goto $ - 3");;
   424  0788  0874               	movf	motor_dreapta@t,w
   425  0789  00F3               	movwf	??_motor_dreapta
   426  078A  0873               	movf	??_motor_dreapta,w
   427  078B  00F5               	movwf	_delayus_variable
   428  078C  0000               	nop	;# 
   429  078D  0000               	nop	;# 
   430  078E  0BF5               	decfsz	_delayus_variable,f	;# 
   431  078F  2F71               	goto	($+-3)	;# 
   432                           
   433                           ;v_3.c: 63: { delayus_variable=(unsigned char)t; asm("nop"); asm("nop"); } asm("decfsz _
      +                          delayus_variable,f"); asm("goto $ - 3");;
   434  0790  0874               	movf	motor_dreapta@t,w
   435  0791  00F3               	movwf	??_motor_dreapta
   436  0792  0873               	movf	??_motor_dreapta,w
   437  0793  00F5               	movwf	_delayus_variable
   438  0794  0000               	nop	;# 
   439  0795  0000               	nop	;# 
   440  0796  0BF5               	decfsz	_delayus_variable,f	;# 
   441  0797  2F71               	goto	($+-3)	;# 
   442                           
   443                           ;v_3.c: 64: { delayus_variable=(unsigned char)t; asm("nop"); asm("nop"); } asm("decfsz _
      +                          delayus_variable,f"); asm("goto $ - 3");;
   444  0798  0874               	movf	motor_dreapta@t,w
   445  0799  00F3               	movwf	??_motor_dreapta
   446  079A  0873               	movf	??_motor_dreapta,w
   447  079B  00F5               	movwf	_delayus_variable
   448  079C  0000               	nop	;# 
   449  079D  0000               	nop	;# 
   450  079E  0BF5               	decfsz	_delayus_variable,f	;# 
   451  079F  2F71               	goto	($+-3)	;# 
   452                           
   453                           ;v_3.c: 65: { delayus_variable=(unsigned char)t; asm("nop"); asm("nop"); } asm("decfsz _
      +                          delayus_variable,f"); asm("goto $ - 3");;
   454  07A0  0874               	movf	motor_dreapta@t,w
   455  07A1  00F3               	movwf	??_motor_dreapta
   456  07A2  0873               	movf	??_motor_dreapta,w
   457  07A3  00F5               	movwf	_delayus_variable
   458  07A4  0000               	nop	;# 
   459  07A5  0000               	nop	;# 
   460  07A6  0BF5               	decfsz	_delayus_variable,f	;# 
   461  07A7  2F71               	goto	($+-3)	;# 
   462                           
   463                           ;v_3.c: 66: { delayus_variable=(unsigned char)t; asm("nop"); asm("nop"); } asm("decfsz _
      +                          delayus_variable,f"); asm("goto $ - 3");;
   464  07A8  0874               	movf	motor_dreapta@t,w
   465  07A9  00F3               	movwf	??_motor_dreapta
   466  07AA  0873               	movf	??_motor_dreapta,w
   467  07AB  00F5               	movwf	_delayus_variable
   468  07AC  0000               	nop	;# 
   469  07AD  0000               	nop	;# 
   470  07AE  0BF5               	decfsz	_delayus_variable,f	;# 
   471  07AF  2F71               	goto	($+-3)	;# 
   472                           
   473                           ;v_3.c: 67: PORTBbits.RB0=0;
   474  07B0  1283               	bcf	3,5	;RP0=0, select bank0
   475  07B1  1303               	bcf	3,6	;RP1=0, select bank0
   476  07B2  1006               	bcf	6,0	;volatile
   477                           
   478                           ;v_3.c: 68: DelayMs(20);
   479  07B3  3014               	movlw	20
   480  07B4  120A  118A  273B   	fcall	_DelayMs
   481  07B7  0008               	return
   482  07B8                     __end_of_motor_dreapta:	
   483                           
   484                           	psect	text3
   485  073B                     __ptext3:	
   486 ;; *************** function _DelayMs *****************
   487 ;; Defined at:
   488 ;;		line 43 in file "v_3.c"
   489 ;; Parameters:    Size  Location     Type
   490 ;;  cnt             1    wreg     unsigned char 
   491 ;; Auto vars:     Size  Location     Type
   492 ;;  cnt             1    1[COMMON] unsigned char 
   493 ;;  i               1    2[COMMON] unsigned char 
   494 ;; Return value:  Size  Location     Type
   495 ;;		None               void
   496 ;; Registers used:
   497 ;;		wreg, status,2, status,0
   498 ;; Tracked objects:
   499 ;;		On entry : 0/0
   500 ;;		On exit  : 0/0
   501 ;;		Unchanged: 0/0
   502 ;; Data sizes:     COMMON   BANK0   BANK1   BANK3   BANK2
   503 ;;      Params:         0       0       0       0       0
   504 ;;      Locals:         2       0       0       0       0
   505 ;;      Temps:          1       0       0       0       0
   506 ;;      Totals:         3       0       0       0       0
   507 ;;Total ram usage:        3 bytes
   508 ;; Hardware stack levels used:    1
   509 ;; This function calls:
   510 ;;		Nothing
   511 ;; This function is called by:
   512 ;;		_motor_dreapta
   513 ;;		_motor_stanga
   514 ;; This function uses a non-reentrant model
   515 ;;
   516                           
   517                           
   518                           ;psect for function _DelayMs
   519  073B                     _DelayMs:	
   520                           
   521                           ;incstack = 0
   522                           ; Regs used in _DelayMs: [wreg+status,2+status,0]
   523                           ;DelayMs@cnt stored from wreg
   524  073B  00F1               	movwf	DelayMs@cnt
   525  073C                     l11:	
   526                           ;v_3.c: 45: unsigned char i;
   527                           ;v_3.c: 46: do {
   528                           
   529                           
   530                           ;v_3.c: 47: i = 4;
   531  073C  3004               	movlw	4
   532  073D  00F0               	movwf	??_DelayMs
   533  073E  0870               	movf	??_DelayMs,w
   534  073F  00F2               	movwf	DelayMs@i
   535  0740                     l12:	
   536                           ;v_3.c: 48: do {
   537                           
   538                           
   539                           ;v_3.c: 49: { delayus_variable=(unsigned char)250; asm("nop"); asm("nop"); } asm("decfsz
      +                           _delayus_variable,f"); asm("goto $ - 3");;
   540  0740  30FA               	movlw	250
   541  0741  00F0               	movwf	??_DelayMs
   542  0742  0870               	movf	??_DelayMs,w
   543  0743  00F5               	movwf	_delayus_variable
   544  0744  0000               	nop	;# 
   545  0745  0000               	nop	;# 
   546  0746  0BF5               	decfsz	_delayus_variable,f	;# 
   547  0747  2F38               	goto	($+-3)	;# 
   548                           
   549                           ;v_3.c: 50: } while(--i);
   550  0748  3001               	movlw	1
   551  0749  02F2               	subwf	DelayMs@i,f
   552  074A  1D03               	btfss	3,2
   553  074B  2F40               	goto	l12
   554                           
   555                           ;v_3.c: 51: } while(--cnt);
   556  074C  3001               	movlw	1
   557  074D  02F1               	subwf	DelayMs@cnt,f
   558  074E  1903               	btfsc	3,2
   559  074F  0008               	return
   560  0750  2F3C               	goto	l11
   561  0751                     __end_of_DelayMs:	
   562  007E                     btemp	set	126	;btemp
   563  007E                     wtemp	set	126
   564  007E                     wtemp0	set	126
   565  0080                     wtemp1	set	128
   566  0082                     wtemp2	set	130
   567  0084                     wtemp3	set	132
   568  0086                     wtemp4	set	134
   569  0088                     wtemp5	set	136
   570  007F                     wtemp6	set	127
   571  007E                     ttemp	set	126
   572  007E                     ttemp0	set	126
   573  0081                     ttemp1	set	129
   574  0084                     ttemp2	set	132
   575  0087                     ttemp3	set	135
   576  007F                     ttemp4	set	127
   577  007E                     ltemp	set	126
   578  007E                     ltemp0	set	126
   579  0082                     ltemp1	set	130
   580  0086                     ltemp2	set	134
   581  0080                     ltemp3	set	128


Data Sizes:
    Strings     0
    Constant    0
    Data        0
    BSS         0
    Persistent  1
    Stack       0

Auto Spaces:
    Space          Size  Autos    Used
    COMMON           14      5       6
    BANK0            80      0       0
    BANK1            80      0       0
    BANK3            96      0       0
    BANK2            96      0       0

Pointer List with Targets:

    None.

Critical Paths under _main in COMMON

    _main->_motor_dreapta
    _main->_motor_stanga
    _motor_stanga->_DelayMs
    _motor_dreapta->_DelayMs

Critical Paths under _main in BANK0

    None.

Critical Paths under _main in BANK1

    None.

Critical Paths under _main in BANK3

    None.

Critical Paths under _main in BANK2

    None.

Call Graph Tables:

 ---------------------------------------------------------------------------------
 (Depth) Function   	        Calls       Base Space   Used Autos Params    Refs
 ---------------------------------------------------------------------------------
 (0) _main                                                 2     2      0     210
                      _motor_dreapta
                       _motor_stanga
 ---------------------------------------------------------------------------------
 (1) _motor_stanga                                         2     2      0     105
                                              3 COMMON     2     2      0
                            _DelayMs
 ---------------------------------------------------------------------------------
 (1) _motor_dreapta                                        2     2      0     105
                                              3 COMMON     2     2      0
                            _DelayMs
 ---------------------------------------------------------------------------------
 (2) _DelayMs                                              3     3      0      30
                                              0 COMMON     3     3      0
 ---------------------------------------------------------------------------------
 Estimated maximum stack depth 2
 ---------------------------------------------------------------------------------

 Call Graph Graphs:

 _main (ROOT)
   _motor_dreapta
     _DelayMs
   _motor_stanga
     _DelayMs

 Address spaces:
Name               Size   Autos  Total    Cost      Usage
BITCOMMON            E      0       0       0        0.0%
EEDATA             100      0       0       0        0.0%
NULL                 0      0       0       0        0.0%
CODE                 0      0       0       0        0.0%
COMMON               E      5       6       1       42.9%
BITSFR0              0      0       0       1        0.0%
SFR0                 0      0       0       1        0.0%
BITSFR1              0      0       0       2        0.0%
SFR1                 0      0       0       2        0.0%
STACK                0      0       0       2        0.0%
ABS                  0      0       6       3        0.0%
BITBANK0            50      0       0       4        0.0%
BITSFR3              0      0       0       4        0.0%
SFR3                 0      0       0       4        0.0%
BANK0               50      0       0       5        0.0%
BITSFR2              0      0       0       5        0.0%
SFR2                 0      0       0       5        0.0%
BITBANK1            50      0       0       6        0.0%
BANK1               50      0       0       7        0.0%
BITBANK3            60      0       0       8        0.0%
BANK3               60      0       0       9        0.0%
BITBANK2            60      0       0      10        0.0%
BANK2               60      0       0      11        0.0%
DATA                 0      0       6      12        0.0%


Microchip Technology PIC Macro Assembler V1.30 build 55553 
Symbol Table                                                                                   Mon Jun 16 16:42:04 2014

            __CFG_CP$OFF 0000                       l11 073C                       l12 0740  
                     l25 075A             __CFG_CPD$OFF 0000             __CFG_FOSC$HS 0000  
           __CFG_LVP$OFF 0000             __CFG_WRT$OFF 0000                     _main 0751  
                   btemp 007E                     ltemp 007E                     start 0000  
                   ttemp 007E                     wtemp 007E          __end_of_DelayMs 0751  
                  ?_main 0070            __CFG_WDTE$OFF 0000                    _PORTB 0006  
                  _TRISB 0086           __CFG_BOREN$OFF 0000                    ltemp0 007E  
                  ltemp1 0082                    ltemp2 0086                    ltemp3 0080  
                  ttemp0 007E                    ttemp1 0081                    ttemp2 0084  
                  ttemp3 0087                    ttemp4 007F                    status 0003  
                  wtemp0 007E                    wtemp1 0080                    wtemp2 0082  
                  wtemp3 0084                    wtemp4 0086                    wtemp5 0088  
                  wtemp6 007F          __initialization 07FC             __end_of_main 0774  
                 ??_main 0075                ??_DelayMs 0070           __CFG_PWRTE$OFF 0000  
__end_of__initialization 07FC           __pcstackCOMMON 0070               __pnvCOMMON 0075  
             __pmaintext 0751    __end_of_motor_dreapta 07B8                  _DelayMs 073B  
                __ptext1 07B8                  __ptext2 0774                  __ptext3 073B  
   end_of_initialization 07FC            ?_motor_stanga 0070                _PORTBbits 0006  
         ??_motor_stanga 0073         _delayus_variable 0075      start_initialization 07FC  
              ___latbits 0002                 ?_DelayMs 0070     __end_of_motor_stanga 07FC  
 __size_of_motor_dreapta 0044                 DelayMs@i 0072           motor_dreapta@t 0074  
       __size_of_DelayMs 0016            _motor_dreapta 0774            __size_of_main 0023  
  __size_of_motor_stanga 0044           ?_motor_dreapta 0070               DelayMs@cnt 0071  
           _motor_stanga 07B8            motor_stanga@t 0074          ??_motor_dreapta 0073  
