

Microchip Technology PIC LITE Macro Assembler V1.21 build 54009 
                                                                                               Thu Feb 06 15:02:43 2014

Microchip Technology Omniscient Code Generator (Lite mode) build 54009
     1                           	processor	16F684
     2                           	opt	pw 120
     3                           	opt	lm
     4                           	psect	text0,local,class=CODE,merge=1,delta=2
     5                           	psect	cinit,global,class=CODE,merge=1,delta=2
     6                           	psect	cstackCOMMON,global,class=COMMON,space=1,delta=1
     7                           	psect	maintext,global,class=CODE,split=1,delta=2
     8                           	psect	text1,local,class=CODE,merge=1,delta=2
     9                           	psect	text2,local,class=CODE,merge=1,delta=2
    10                           	psect	text3,local,class=CODE,merge=1,delta=2
    11                           	dabs	1,0x7E,2
    12  0000                     	;# 
    13  0001                     	;# 
    14  0002                     	;# 
    15  0003                     	;# 
    16  0004                     	;# 
    17  0005                     	;# 
    18  0007                     	;# 
    19  000A                     	;# 
    20  000B                     	;# 
    21  000C                     	;# 
    22  000E                     	;# 
    23  000E                     	;# 
    24  000F                     	;# 
    25  0010                     	;# 
    26  0011                     	;# 
    27  0012                     	;# 
    28  0013                     	;# 
    29  0013                     	;# 
    30  0014                     	;# 
    31  0015                     	;# 
    32  0016                     	;# 
    33  0017                     	;# 
    34  0018                     	;# 
    35  0019                     	;# 
    36  001A                     	;# 
    37  001E                     	;# 
    38  001F                     	;# 
    39  0081                     	;# 
    40  0085                     	;# 
    41  0087                     	;# 
    42  008C                     	;# 
    43  008E                     	;# 
    44  008F                     	;# 
    45  0090                     	;# 
    46  0091                     	;# 
    47  0092                     	;# 
    48  0095                     	;# 
    49  0095                     	;# 
    50  0096                     	;# 
    51  0096                     	;# 
    52  0099                     	;# 
    53  009A                     	;# 
    54  009A                     	;# 
    55  009B                     	;# 
    56  009C                     	;# 
    57  009D                     	;# 
    58  009E                     	;# 
    59  009F                     	;# 
    60  001F                     _ADCON0bits	set	31
    61  001E                     _ADRESH	set	30
    62  0015                     _CCP1CONbits	set	21
    63  0013                     _CCPR1L	set	19
    64  000C                     _PIR1bits	set	12
    65  0016                     _PWM1CONbits	set	22
    66  0012                     _T2CONbits	set	18
    67  009F                     _ADCON1bits	set	159
    68  0091                     _ANSELbits	set	145
    69  008F                     _OSCCON	set	143
    70  0092                     _PR2	set	146
    71  0087                     _TRISCbits	set	135
    72                           
    73                           	psect	text0
    74  0000                     __ptext0:	
    75                           
    76                           ;psect for function _init
    77                           ; #config settings
    78  0000                     
    79                           	psect	cinit
    80  07FE                     start_initialization:	
    81  07FE                     __initialization:	
    82  07FE                     end_of_initialization:	
    83                           ;End of C runtime variable initialization code
    84                           
    85  07FE                     __end_of__initialization:	
    86  07FE  0183               	clrf	3
    87  07FF  2FB9               	ljmp	_main	;jump to C main() function
    88                           
    89                           	psect	cstackCOMMON
    90  0070                     __pcstackCOMMON:	
    91  0070                     ?_init:	
    92  0070                     ??_init:	
    93                           ; 0 bytes @ 0x0
    94                           
    95  0070                     ?_init_adc:	
    96                           ; 0 bytes @ 0x0
    97                           
    98  0070                     ??_init_adc:	
    99                           ; 0 bytes @ 0x0
   100                           
   101  0070                     ?_init_eccp:	
   102                           ; 0 bytes @ 0x0
   103                           
   104  0070                     ??_init_eccp:	
   105                           ; 0 bytes @ 0x0
   106                           
   107  0070                     ?_main:	
   108                           ; 0 bytes @ 0x0
   109                           
   110                           
   111                           ; 0 bytes @ 0x0
   112  0070                     	ds	1
   113  0071                     ??_main:	
   114                           
   115                           ; 0 bytes @ 0x1
   116  0071                     	ds	1
   117  0072                     main@x:	
   118                           
   119                           ; 1 bytes @ 0x2
   120  0072                     	ds	1
   121                           
   122                           	psect	maintext
   123  07B9                     __pmaintext:	
   124 ;;
   125 ;;Main: autosize = 0, tempsize = 1, incstack = 0, save=0
   126 ;;
   127 ;; *************** function _main *****************
   128 ;; Defined at:
   129 ;;		line 29 in file "punte_h.c"
   130 ;; Parameters:    Size  Location     Type
   131 ;;		None
   132 ;; Auto vars:     Size  Location     Type
   133 ;;  x               1    2[COMMON] unsigned char 
   134 ;; Return value:  Size  Location     Type
   135 ;;		None               void
   136 ;; Registers used:
   137 ;;		wreg, status,2, status,0, pclath, cstack
   138 ;; Tracked objects:
   139 ;;		On entry : 17F/0
   140 ;;		On exit  : 0/0
   141 ;;		Unchanged: 0/0
   142 ;; Data sizes:     COMMON   BANK0   BANK1
   143 ;;      Params:         0       0       0
   144 ;;      Locals:         1       0       0
   145 ;;      Temps:          1       0       0
   146 ;;      Totals:         2       0       0
   147 ;;Total ram usage:        2 bytes
   148 ;; Hardware stack levels required when called:    1
   149 ;; This function calls:
   150 ;;		_init
   151 ;;		_init_adc
   152 ;;		_init_eccp
   153 ;; This function is called by:
   154 ;;		Startup code after reset
   155 ;; This function uses a non-reentrant model
   156 ;;
   157                           
   158                           
   159                           ;psect for function _main
   160  07B9                     _main:	
   161                           
   162                           ;punte_h.c: 30: unsigned char x;
   163                           ;punte_h.c: 31: x=0;
   164                           
   165                           ;incstack = 0
   166                           ; Regs used in _main: [wreg+status,2+status,0+pclath+cstack]
   167  07B9  01F2               	clrf	main@x
   168                           
   169                           ;punte_h.c: 32: init();
   170  07BA  27B5               	fcall	_init
   171                           
   172                           ;punte_h.c: 33: init_adc();
   173  07BB  27C8               	fcall	_init_adc
   174                           
   175                           ;punte_h.c: 34: init_eccp();
   176  07BC  27E1               	fcall	_init_eccp
   177  07BD                     l554:	
   178                           ;punte_h.c: 35: for(;;)
   179                           
   180                           
   181                           ;punte_h.c: 36: {
   182                           ;punte_h.c: 37: if(ADCON0bits.GO==0)
   183  07BD  1283               	bcf	3,5	;RP0=0, select bank0
   184  07BE  189F               	btfsc	31,1	;volatile
   185  07BF  2FBD               	goto	l554
   186                           
   187                           ;punte_h.c: 38: {
   188                           ;punte_h.c: 39: ADCON0bits.GO=1;
   189  07C0  149F               	bsf	31,1	;volatile
   190                           
   191                           ;punte_h.c: 40: x=ADRESH;
   192  07C1  081E               	movf	30,w	;volatile
   193  07C2  00F1               	movwf	??_main
   194  07C3  0871               	movf	??_main,w
   195  07C4  00F2               	movwf	main@x
   196                           
   197                           ;punte_h.c: 43: CCPR1L=x;
   198  07C5  0872               	movf	main@x,w
   199  07C6  0093               	movwf	19	;volatile
   200                           
   201                           ;punte_h.c: 45: }
   202                           ;punte_h.c: 46: }
   203  07C7  2FBD               	goto	l554
   204  07C8                     __end_of_main:	
   205                           
   206                           	psect	text1
   207  07E1                     __ptext1:	
   208 ;; *************** function _init_eccp *****************
   209 ;; Defined at:
   210 ;;		line 73 in file "punte_h.c"
   211 ;; Parameters:    Size  Location     Type
   212 ;;		None
   213 ;; Auto vars:     Size  Location     Type
   214 ;;		None
   215 ;; Return value:  Size  Location     Type
   216 ;;		None               void
   217 ;; Registers used:
   218 ;;		wreg, status,2, status,0
   219 ;; Tracked objects:
   220 ;;		On entry : 0/0
   221 ;;		On exit  : 0/0
   222 ;;		Unchanged: 0/0
   223 ;; Data sizes:     COMMON   BANK0   BANK1
   224 ;;      Params:         0       0       0
   225 ;;      Locals:         0       0       0
   226 ;;      Temps:          0       0       0
   227 ;;      Totals:         0       0       0
   228 ;;Total ram usage:        0 bytes
   229 ;; Hardware stack levels used:    1
   230 ;; This function calls:
   231 ;;		Nothing
   232 ;; This function is called by:
   233 ;;		_main
   234 ;; This function uses a non-reentrant model
   235 ;;
   236                           
   237                           
   238                           ;psect for function _init_eccp
   239  07E1                     _init_eccp:	
   240                           
   241                           ;punte_h.c: 74: TRISCbits.TRISC4=1;
   242                           
   243                           ;incstack = 0
   244                           ; Regs used in _init_eccp: [wreg+status,2+status,0]
   245  07E1  1683               	bsf	3,5	;RP0=1, select bank1
   246  07E2  1607               	bsf	7,4	;volatile
   247                           
   248                           ;punte_h.c: 75: TRISCbits.TRISC5=1;
   249  07E3  1687               	bsf	7,5	;volatile
   250                           
   251                           ;punte_h.c: 76: PR2=0x65;
   252  07E4  3065               	movlw	101
   253  07E5  0092               	movwf	18	;volatile
   254                           
   255                           ;punte_h.c: 77: CCP1CONbits.PM=0b10;
   256  07E6  1283               	bcf	3,5	;RP0=0, select bank0
   257  07E7  0815               	movf	21,w	;volatile
   258  07E8  393F               	andlw	-193
   259  07E9  3880               	iorlw	128
   260  07EA  0095               	movwf	21	;volatile
   261                           
   262                           ;punte_h.c: 78: CCP1CONbits.CCP1M=0b1100;
   263  07EB  0815               	movf	21,w	;volatile
   264  07EC  39F0               	andlw	-16
   265  07ED  380C               	iorlw	12
   266  07EE  0095               	movwf	21	;volatile
   267                           
   268                           ;punte_h.c: 79: CCP1CONbits.DCB=0;
   269  07EF  30CF               	movlw	-49
   270  07F0  0595               	andwf	21,f	;volatile
   271                           
   272                           ;punte_h.c: 80: CCPR1L=0;
   273  07F1  0193               	clrf	19	;volatile
   274                           
   275                           ;punte_h.c: 81: PIR1bits.TMR2IF=0;
   276  07F2  108C               	bcf	12,1	;volatile
   277                           
   278                           ;punte_h.c: 82: T2CONbits.T2CKPS=0;
   279  07F3  30FC               	movlw	-4
   280  07F4  0592               	andwf	18,f	;volatile
   281                           
   282                           ;punte_h.c: 84: T2CONbits.TMR2ON=1;
   283  07F5  1512               	bsf	18,2	;volatile
   284                           
   285                           ;punte_h.c: 85: PWM1CONbits.PDC=50;
   286  07F6  0816               	movf	22,w	;volatile
   287  07F7  3980               	andlw	-128
   288  07F8  3832               	iorlw	50
   289  07F9  0096               	movwf	22	;volatile
   290                           
   291                           ;punte_h.c: 88: TRISCbits.TRISC4=0;
   292  07FA  1683               	bsf	3,5	;RP0=1, select bank1
   293  07FB  1207               	bcf	7,4	;volatile
   294                           
   295                           ;punte_h.c: 89: TRISCbits.TRISC5=0;
   296  07FC  1287               	bcf	7,5	;volatile
   297  07FD  0008               	return
   298  07FE                     __end_of_init_eccp:	
   299                           
   300                           	psect	text2
   301  07C8                     __ptext2:	
   302 ;; *************** function _init_adc *****************
   303 ;; Defined at:
   304 ;;		line 60 in file "punte_h.c"
   305 ;; Parameters:    Size  Location     Type
   306 ;;		None
   307 ;; Auto vars:     Size  Location     Type
   308 ;;		None
   309 ;; Return value:  Size  Location     Type
   310 ;;		None               void
   311 ;; Registers used:
   312 ;;		wreg, status,2, status,0
   313 ;; Tracked objects:
   314 ;;		On entry : 0/0
   315 ;;		On exit  : 0/0
   316 ;;		Unchanged: 0/0
   317 ;; Data sizes:     COMMON   BANK0   BANK1
   318 ;;      Params:         0       0       0
   319 ;;      Locals:         0       0       0
   320 ;;      Temps:          1       0       0
   321 ;;      Totals:         1       0       0
   322 ;;Total ram usage:        1 bytes
   323 ;; Hardware stack levels used:    1
   324 ;; This function calls:
   325 ;;		Nothing
   326 ;; This function is called by:
   327 ;;		_main
   328 ;; This function uses a non-reentrant model
   329 ;;
   330                           
   331                           
   332                           ;psect for function _init_adc
   333  07C8                     _init_adc:	
   334                           
   335                           ;punte_h.c: 62: ADCON1bits.ADCS=0b011;
   336                           
   337                           ;incstack = 0
   338                           ; Regs used in _init_adc: [wreg+status,2+status,0]
   339  07C8  1683               	bsf	3,5	;RP0=1, select bank1
   340  07C9  081F               	movf	31,w	;volatile
   341  07CA  398F               	andlw	-113
   342  07CB  3830               	iorlw	48
   343  07CC  009F               	movwf	31	;volatile
   344                           
   345                           ;punte_h.c: 63: ADCON0bits.VCFG=0;
   346  07CD  1283               	bcf	3,5	;RP0=0, select bank0
   347  07CE  131F               	bcf	31,6	;volatile
   348                           
   349                           ;punte_h.c: 64: ADCON0bits.ADFM=0;
   350  07CF  139F               	bcf	31,7	;volatile
   351                           
   352                           ;punte_h.c: 65: TRISCbits.TRISC0=1;
   353  07D0  1683               	bsf	3,5	;RP0=1, select bank1
   354  07D1  1407               	bsf	7,0	;volatile
   355                           
   356                           ;punte_h.c: 66: ANSELbits.ANS4=1;
   357  07D2  1611               	bsf	17,4	;volatile
   358                           
   359                           ;punte_h.c: 67: ADCON0bits.CHS=0b100;
   360  07D3  1283               	bcf	3,5	;RP0=0, select bank0
   361  07D4  081F               	movf	31,w	;volatile
   362  07D5  39E3               	andlw	-29
   363  07D6  3810               	iorlw	16
   364  07D7  009F               	movwf	31	;volatile
   365                           
   366                           ;punte_h.c: 68: ADCON0bits.ADON=1;
   367  07D8  141F               	bsf	31,0	;volatile
   368                           
   369                           ;punte_h.c: 69: _delay((unsigned long)((10)*(8000000/4000000.0)));
   370  07D9  3006               	movlw	6
   371  07DA  00F0               	movwf	??_init_adc
   372  07DB                     u27:	
   373  07DB  0BF0               	decfsz	??_init_adc,f
   374  07DC  2FDB               	goto	u27
   375  07DD  0000               	nop
   376                           
   377                           ;punte_h.c: 70: ADCON0bits.GO=1;
   378  07DE  1283               	bcf	3,5	;RP0=0, select bank0
   379  07DF  149F               	bsf	31,1	;volatile
   380  07E0  0008               	return
   381  07E1                     __end_of_init_adc:	
   382                           
   383                           	psect	text3
   384  07B5                     __ptext3:	
   385 ;; *************** function _init *****************
   386 ;; Defined at:
   387 ;;		line 49 in file "punte_h.c"
   388 ;; Parameters:    Size  Location     Type
   389 ;;		None
   390 ;; Auto vars:     Size  Location     Type
   391 ;;		None
   392 ;; Return value:  Size  Location     Type
   393 ;;		None               void
   394 ;; Registers used:
   395 ;;		wreg
   396 ;; Tracked objects:
   397 ;;		On entry : 0/0
   398 ;;		On exit  : 0/0
   399 ;;		Unchanged: 0/0
   400 ;; Data sizes:     COMMON   BANK0   BANK1
   401 ;;      Params:         0       0       0
   402 ;;      Locals:         0       0       0
   403 ;;      Temps:          0       0       0
   404 ;;      Totals:         0       0       0
   405 ;;Total ram usage:        0 bytes
   406 ;; Hardware stack levels used:    1
   407 ;; This function calls:
   408 ;;		Nothing
   409 ;; This function is called by:
   410 ;;		_main
   411 ;; This function uses a non-reentrant model
   412 ;;
   413                           
   414                           
   415                           ;psect for function _init
   416  07B5                     _init:	
   417                           
   418                           ;punte_h.c: 51: OSCCON=0b01110100;
   419                           
   420                           ;incstack = 0
   421                           ; Regs used in _init: [wreg]
   422  07B5  3074               	movlw	116
   423  07B6  1683               	bsf	3,5	;RP0=1, select bank1
   424  07B7  008F               	movwf	15	;volatile
   425  07B8  0008               	return
   426  07B9                     __end_of_init:	
   427  007E                     btemp	set	126	;btemp
   428  007E                     wtemp0	set	126


Data Sizes:
    Strings     0
    Constant    0
    Data        0
    BSS         0
    Persistent  0
    Stack       0

Auto Spaces:
    Space          Size  Autos    Used
    COMMON           14      3       3
    BANK0            80      0       0
    BANK1            32      0       0

Pointer List with Targets:

    None.

Critical Paths under _main in COMMON

    _main->_init_adc

Critical Paths under _main in BANK0

    None.

Critical Paths under _main in BANK1

    None.

Call Graph Tables:

 ---------------------------------------------------------------------------------
 (Depth) Function   	        Calls       Base Space   Used Autos Params    Refs
 ---------------------------------------------------------------------------------
 (0) _main                                                 2     2      0      15
                                              1 COMMON     2     2      0
                               _init
                           _init_adc
                          _init_eccp
 ---------------------------------------------------------------------------------
 (1) _init_eccp                                            0     0      0       0
 ---------------------------------------------------------------------------------
 (1) _init_adc                                             1     1      0       0
                                              0 COMMON     1     1      0
 ---------------------------------------------------------------------------------
 (1) _init                                                 0     0      0       0
 ---------------------------------------------------------------------------------
 Estimated maximum stack depth 1
 ---------------------------------------------------------------------------------

 Call Graph Graphs:

 _main (ROOT)
   _init
   _init_adc
   _init_eccp

 Address spaces:
Name               Size   Autos  Total    Cost      Usage
BITCOMMON            E      0       0       0        0.0%
EEDATA             100      0       0       0        0.0%
NULL                 0      0       0       0        0.0%
CODE                 0      0       0       0        0.0%
COMMON               E      3       3       1       21.4%
BITSFR0              0      0       0       1        0.0%
SFR0                 0      0       0       1        0.0%
BITSFR1              0      0       0       2        0.0%
SFR1                 0      0       0       2        0.0%
STACK                0      0       1       2        0.0%
BITBANK0            50      0       0       3        0.0%
BANK0               50      0       0       4        0.0%
BANK1               20      0       0       5        0.0%
ABS                  0      0       0       6        0.0%
BITBANK1            20      0       0       7        0.0%
DATA                 0      0       0       8        0.0%


Microchip Technology PIC Macro Assembler V1.21 build 54009 
Symbol Table                                                                                   Thu Feb 06 15:02:43 2014

            __CFG_CP$OFF 0000                       u27 07DB                      l554 07BD  
                    _PR2 0092             __CFG_CPD$OFF 0000                     _main 07B9  
                   _init 07B5                     btemp 007E                     start 0000  
          __CFG_IESO$OFF 0000                    ?_main 0070                    ?_init 0070  
          __CFG_WDTE$OFF 0000           __CFG_FCMEN$OFF 0000                    main@x 0072  
         __CFG_BOREN$OFF 0000                    status 0003                    wtemp0 007E  
         __CFG_MCLRE$OFF 0000          __initialization 07FE             __end_of_main 07C8  
           __end_of_init 07B9                   ??_main 0071                   ??_init 0070  
                 _ADRESH 001E                   _CCPR1L 0013                   _OSCCON 008F  
         __CFG_PWRTE$OFF 0000         __end_of_init_adc 07E1  __end_of__initialization 07FE  
         __pcstackCOMMON 0070       __size_of_init_eccp 001D               __pmaintext 07B9  
              ?_init_adc 0070                _ANSELbits 0091                  __ptext0 0000  
                __ptext1 07E1                  __ptext2 07C8                  __ptext3 07B5  
              _T2CONbits 0012        __end_of_init_eccp 07FE     end_of_initialization 07FE  
             ??_init_adc 0070                _TRISCbits 0087              _CCP1CONbits 0015  
    start_initialization 07FE        __size_of_init_adc 0019                _init_eccp 07E1  
               _PIR1bits 000C               _ADCON0bits 001F               _ADCON1bits 009F  
             ?_init_eccp 0070                 _init_adc 07C8            __size_of_main 000F  
          __size_of_init 0004              _PWM1CONbits 0016              ??_init_eccp 0070  
     __CFG_FOSC$INTOSCIO 0000  
